This file contains any messages produced by compilers while
running configure, to aid debugging if configure makes a mistake.

It was created by darwin configure 2.22, which was
generated by GNU Autoconf 2.69.  Invocation command line was

  $ ./configure 

## --------- ##
## Platform. ##
## --------- ##

hostname = asr-workstation1
uname -m = x86_64
uname -r = 5.4.0-28-generic
uname -s = Linux
uname -v = #32-Ubuntu SMP Wed Apr 22 17:40:10 UTC 2020

/usr/bin/uname -p = unknown
/bin/uname -X     = unknown

/bin/arch              = unknown
/usr/bin/arch -k       = unknown
/usr/convex/getsysinfo = unknown
/usr/bin/hostinfo      = unknown
/bin/machine           = unknown
/usr/bin/oslevel       = unknown
/bin/universe          = unknown

PATH: /home/adamrussell/anaconda3/bin
PATH: /home/adamrussell/anaconda3/condabin
PATH: /usr/local/sbin
PATH: /usr/local/bin
PATH: /usr/sbin
PATH: /usr/bin
PATH: /sbin
PATH: /bin
PATH: /usr/games
PATH: /usr/local/games
PATH: /snap/bin
PATH: /home/adamrussell/.dotnet/tools


## ----------- ##
## Core tests. ##
## ----------- ##

configure:2299: checking for a BSD-compatible install
configure:2367: result: /usr/bin/install -c
configure:2378: checking whether build environment is sane
configure:2428: result: yes
configure:2569: checking for a thread-safe mkdir -p
configure:2608: result: /bin/mkdir -p
configure:2621: checking for gawk
configure:2651: result: no
configure:2621: checking for mawk
configure:2637: found /usr/bin/mawk
configure:2648: result: mawk
configure:2659: checking whether make sets $(MAKE)
configure:2681: result: yes
configure:2815: checking for gcc
configure:2831: found /usr/bin/gcc
configure:2842: result: gcc
configure:3071: checking for C compiler version
configure:3080: gcc --version >&5
gcc (Ubuntu 9.3.0-10ubuntu2) 9.3.0
Copyright (C) 2019 Free Software Foundation, Inc.
This is free software; see the source for copying conditions.  There is NO
warranty; not even for MERCHANTABILITY or FITNESS FOR A PARTICULAR PURPOSE.

configure:3091: $? = 0
configure:3080: gcc -v >&5
Using built-in specs.
COLLECT_GCC=gcc
COLLECT_LTO_WRAPPER=/usr/lib/gcc/x86_64-linux-gnu/9/lto-wrapper
OFFLOAD_TARGET_NAMES=nvptx-none:hsa
OFFLOAD_TARGET_DEFAULT=1
Target: x86_64-linux-gnu
Configured with: ../src/configure -v --with-pkgversion='Ubuntu 9.3.0-10ubuntu2' --with-bugurl=file:///usr/share/doc/gcc-9/README.Bugs --enable-languages=c,ada,c++,go,brig,d,fortran,objc,obj-c++,gm2 --prefix=/usr --with-gcc-major-version-only --program-suffix=-9 --program-prefix=x86_64-linux-gnu- --enable-shared --enable-linker-build-id --libexecdir=/usr/lib --without-included-gettext --enable-threads=posix --libdir=/usr/lib --enable-nls --enable-clocale=gnu --enable-libstdcxx-debug --enable-libstdcxx-time=yes --with-default-libstdcxx-abi=new --enable-gnu-unique-object --disable-vtable-verify --enable-plugin --enable-default-pie --with-system-zlib --with-target-system-zlib=auto --enable-objc-gc=auto --enable-multiarch --disable-werror --with-arch-32=i686 --with-abi=m64 --with-multilib-list=m32,m64,mx32 --enable-multilib --with-tune=generic --enable-offload-targets=nvptx-none,hsa --without-cuda-driver --enable-checking=release --build=x86_64-linux-gnu --host=x86_64-linux-gnu --target=x86_64-linux-gnu
Thread model: posix
gcc version 9.3.0 (Ubuntu 9.3.0-10ubuntu2) 
configure:3091: $? = 0
configure:3080: gcc -V >&5
gcc: error: unrecognized command line option '-V'
gcc: fatal error: no input files
compilation terminated.
configure:3091: $? = 1
configure:3080: gcc -qversion >&5
gcc: error: unrecognized command line option '-qversion'; did you mean '--version'?
gcc: fatal error: no input files
compilation terminated.
configure:3091: $? = 1
configure:3111: checking whether the C compiler works
configure:3133: gcc    conftest.c  >&5
configure:3137: $? = 0
configure:3185: result: yes
configure:3188: checking for C compiler default output file name
configure:3190: result: a.out
configure:3196: checking for suffix of executables
configure:3203: gcc -o conftest    conftest.c  >&5
configure:3207: $? = 0
configure:3229: result: 
configure:3251: checking whether we are cross compiling
configure:3259: gcc -o conftest    conftest.c  >&5
configure:3263: $? = 0
configure:3270: ./conftest
configure:3274: $? = 0
configure:3262: result: no
configure:3267: checking for suffix of object files
configure:3289: gcc -c   conftest.c >&5
configure:3293: $? = 0
configure:3314: result: o
configure:3318: checking whether we are using the GNU C compiler
configure:3337: gcc -c   conftest.c >&5
configure:3337: $? = 0
configure:3346: result: yes
configure:3355: checking whether gcc accepts -g
configure:3375: gcc -c -g  conftest.c >&5
configure:3375: $? = 0
configure:3416: result: yes
configure:3433: checking for gcc option to accept ISO C89
configure:3496: gcc  -c -g -O2  conftest.c >&5
configure:3496: $? = 0
configure:3509: result: none needed
configure:3540: checking for style of include used by make
configure:3568: result: GNU
configure:3593: checking dependency style of gcc
configure:3703: result: gcc3
configure:3722: checking for gcc option to accept ISO C99
configure:3871: gcc  -c -g -O2  conftest.c >&5
configure:3871: $? = 0
configure:3884: result: none needed
configure:3992: checking for gcc option to accept ISO Standard C
configure:4003: result: none needed
configure:4068: checking for g++
configure:4084: found /usr/bin/g++
configure:4095: result: g++
configure:4122: checking for C++ compiler version
configure:4131: g++ --version >&5
g++ (Ubuntu 9.3.0-10ubuntu2) 9.3.0
Copyright (C) 2019 Free Software Foundation, Inc.
This is free software; see the source for copying conditions.  There is NO
warranty; not even for MERCHANTABILITY or FITNESS FOR A PARTICULAR PURPOSE.

configure:4142: $? = 0
configure:4131: g++ -v >&5
Using built-in specs.
COLLECT_GCC=g++
COLLECT_LTO_WRAPPER=/usr/lib/gcc/x86_64-linux-gnu/9/lto-wrapper
OFFLOAD_TARGET_NAMES=nvptx-none:hsa
OFFLOAD_TARGET_DEFAULT=1
Target: x86_64-linux-gnu
Configured with: ../src/configure -v --with-pkgversion='Ubuntu 9.3.0-10ubuntu2' --with-bugurl=file:///usr/share/doc/gcc-9/README.Bugs --enable-languages=c,ada,c++,go,brig,d,fortran,objc,obj-c++,gm2 --prefix=/usr --with-gcc-major-version-only --program-suffix=-9 --program-prefix=x86_64-linux-gnu- --enable-shared --enable-linker-build-id --libexecdir=/usr/lib --without-included-gettext --enable-threads=posix --libdir=/usr/lib --enable-nls --enable-clocale=gnu --enable-libstdcxx-debug --enable-libstdcxx-time=yes --with-default-libstdcxx-abi=new --enable-gnu-unique-object --disable-vtable-verify --enable-plugin --enable-default-pie --with-system-zlib --with-target-system-zlib=auto --enable-objc-gc=auto --enable-multiarch --disable-werror --with-arch-32=i686 --with-abi=m64 --with-multilib-list=m32,m64,mx32 --enable-multilib --with-tune=generic --enable-offload-targets=nvptx-none,hsa --without-cuda-driver --enable-checking=release --build=x86_64-linux-gnu --host=x86_64-linux-gnu --target=x86_64-linux-gnu
Thread model: posix
gcc version 9.3.0 (Ubuntu 9.3.0-10ubuntu2) 
configure:4142: $? = 0
configure:4131: g++ -V >&5
g++: error: unrecognized command line option '-V'
g++: fatal error: no input files
compilation terminated.
configure:4142: $? = 1
configure:4131: g++ -qversion >&5
g++: error: unrecognized command line option '-qversion'; did you mean '--version'?
g++: fatal error: no input files
compilation terminated.
configure:4142: $? = 1
configure:4146: checking whether we are using the GNU C++ compiler
configure:4165: g++ -c   conftest.cpp >&5
configure:4165: $? = 0
configure:4174: result: yes
configure:4183: checking whether g++ accepts -g
configure:4203: g++ -c -g  conftest.cpp >&5
configure:4203: $? = 0
configure:4244: result: yes
configure:4269: checking dependency style of g++
configure:4379: result: gcc3
configure:4438: checking for ranlib
configure:4454: found /usr/bin/ranlib
configure:4465: result: ranlib
configure:4494: checking for AboutDialog::AboutDialog in -lInterface
configure:4519: gcc -o conftest -g -O2   conftest.c -lInterface   >&5
conftest.c:18:17: error: expected '=', ',', ';', 'asm' or '__attribute__' before ':' token
   18 | char AboutDialog::AboutDialog ();
      |                 ^
conftest.c: In function 'main':
conftest.c:22:8: error: 'AboutDialog' undeclared (first use in this function)
   22 | return AboutDialog::AboutDialog ();
      |        ^~~~~~~~~~~
conftest.c:22:8: note: each undeclared identifier is reported only once for each function it appears in
conftest.c:22:19: error: expected ';' before ':' token
   22 | return AboutDialog::AboutDialog ();
      |                   ^
      |                   ;
configure:4519: $? = 1
configure: failed program was:
| /* confdefs.h */
| #define PACKAGE_NAME "darwin"
| #define PACKAGE_TARNAME "darwin"
| #define PACKAGE_VERSION "2.22"
| #define PACKAGE_STRING "darwin 2.22"
| #define PACKAGE_BUGREPORT "darwin@eckerd.edu"
| #define PACKAGE_URL ""
| #define PACKAGE "darwin"
| #define VERSION "2.22"
| /* end confdefs.h.  */
| 
| /* Override any GCC internal prototype to avoid an error.
|    Use char because int might match the return type of a GCC
|    builtin and then its argument prototype would still apply.  */
| #ifdef __cplusplus
| extern "C"
| #endif
| char AboutDialog::AboutDialog ();
| int
| main ()
| {
| return AboutDialog::AboutDialog ();
|   ;
|   return 0;
| }
configure:4528: result: no
configure:4539: checking for Match::Match in -lMatching
configure:4564: gcc -o conftest -g -O2   conftest.c -lMatching   >&5
conftest.c:18:11: error: expected '=', ',', ';', 'asm' or '__attribute__' before ':' token
   18 | char Match::Match ();
      |           ^
conftest.c: In function 'main':
conftest.c:22:8: error: 'Match' undeclared (first use in this function)
   22 | return Match::Match ();
      |        ^~~~~
conftest.c:22:8: note: each undeclared identifier is reported only once for each function it appears in
conftest.c:22:13: error: expected ';' before ':' token
   22 | return Match::Match ();
      |             ^
      |             ;
configure:4564: $? = 1
configure: failed program was:
| /* confdefs.h */
| #define PACKAGE_NAME "darwin"
| #define PACKAGE_TARNAME "darwin"
| #define PACKAGE_VERSION "2.22"
| #define PACKAGE_STRING "darwin 2.22"
| #define PACKAGE_BUGREPORT "darwin@eckerd.edu"
| #define PACKAGE_URL ""
| #define PACKAGE "darwin"
| #define VERSION "2.22"
| /* end confdefs.h.  */
| 
| /* Override any GCC internal prototype to avoid an error.
|    Use char because int might match the return type of a GCC
|    builtin and then its argument prototype would still apply.  */
| #ifdef __cplusplus
| extern "C"
| #endif
| char Match::Match ();
| int
| main ()
| {
| return Match::Match ();
|   ;
|   return 0;
| }
configure:4573: result: no
configure:4584: checking for WL_SetErrorMsg in -lWLC
configure:4609: gcc -o conftest -g -O2   conftest.c -lWLC   >&5
/usr/bin/ld: cannot find -lWLC
collect2: error: ld returned 1 exit status
configure:4609: $? = 1
configure: failed program was:
| /* confdefs.h */
| #define PACKAGE_NAME "darwin"
| #define PACKAGE_TARNAME "darwin"
| #define PACKAGE_VERSION "2.22"
| #define PACKAGE_STRING "darwin 2.22"
| #define PACKAGE_BUGREPORT "darwin@eckerd.edu"
| #define PACKAGE_URL ""
| #define PACKAGE "darwin"
| #define VERSION "2.22"
| /* end confdefs.h.  */
| 
| /* Override any GCC internal prototype to avoid an error.
|    Use char because int might match the return type of a GCC
|    builtin and then its argument prototype would still apply.  */
| #ifdef __cplusplus
| extern "C"
| #endif
| char WL_SetErrorMsg ();
| int
| main ()
| {
| return WL_SetErrorMsg ();
|   ;
|   return 0;
| }
configure:4618: result: no
configure:4629: checking for PngLoadImage in -lPNGsupport
configure:4654: gcc -o conftest -g -O2   conftest.c -lPNGsupport   >&5
/usr/bin/ld: cannot find -lPNGsupport
collect2: error: ld returned 1 exit status
configure:4654: $? = 1
configure: failed program was:
| /* confdefs.h */
| #define PACKAGE_NAME "darwin"
| #define PACKAGE_TARNAME "darwin"
| #define PACKAGE_VERSION "2.22"
| #define PACKAGE_STRING "darwin 2.22"
| #define PACKAGE_BUGREPORT "darwin@eckerd.edu"
| #define PACKAGE_URL ""
| #define PACKAGE "darwin"
| #define VERSION "2.22"
| /* end confdefs.h.  */
| 
| /* Override any GCC internal prototype to avoid an error.
|    Use char because int might match the return type of a GCC
|    builtin and then its argument prototype would still apply.  */
| #ifdef __cplusplus
| extern "C"
| #endif
| char PngLoadImage ();
| int
| main ()
| {
| return PngLoadImage ();
|   ;
|   return 0;
| }
configure:4663: result: no
configure:4674: checking for convColorToPixmapString in -limage_processing
configure:4699: gcc -o conftest -g -O2   conftest.c -limage_processing   >&5
/usr/bin/ld: cannot find -limage_processing
collect2: error: ld returned 1 exit status
configure:4699: $? = 1
configure: failed program was:
| /* confdefs.h */
| #define PACKAGE_NAME "darwin"
| #define PACKAGE_TARNAME "darwin"
| #define PACKAGE_VERSION "2.22"
| #define PACKAGE_STRING "darwin 2.22"
| #define PACKAGE_BUGREPORT "darwin@eckerd.edu"
| #define PACKAGE_URL ""
| #define PACKAGE "darwin"
| #define VERSION "2.22"
| /* end confdefs.h.  */
| 
| /* Override any GCC internal prototype to avoid an error.
|    Use char because int might match the return type of a GCC
|    builtin and then its argument prototype would still apply.  */
| #ifdef __cplusplus
| extern "C"
| #endif
| char convColorToPixmapString ();
| int
| main ()
| {
| return convColorToPixmapString ();
|   ;
|   return 0;
| }
configure:4708: result: no
configure:4719: checking for gaussj in -lmath
configure:4744: gcc -o conftest -g -O2   conftest.c -lmath   >&5
/usr/bin/ld: cannot find -lmath
collect2: error: ld returned 1 exit status
configure:4744: $? = 1
configure: failed program was:
| /* confdefs.h */
| #define PACKAGE_NAME "darwin"
| #define PACKAGE_TARNAME "darwin"
| #define PACKAGE_VERSION "2.22"
| #define PACKAGE_STRING "darwin 2.22"
| #define PACKAGE_BUGREPORT "darwin@eckerd.edu"
| #define PACKAGE_URL ""
| #define PACKAGE "darwin"
| #define VERSION "2.22"
| /* end confdefs.h.  */
| 
| /* Override any GCC internal prototype to avoid an error.
|    Use char because int might match the return type of a GCC
|    builtin and then its argument prototype would still apply.  */
| #ifdef __cplusplus
| extern "C"
| #endif
| char gaussj ();
| int
| main ()
| {
| return gaussj ();
|   ;
|   return 0;
| }
configure:4753: result: no
configure:4771: checking how to run the C preprocessor
configure:4802: gcc -E  conftest.c
configure:4802: $? = 0
configure:4816: gcc -E  conftest.c
conftest.c:11:10: fatal error: ac_nonexistent.h: No such file or directory
   11 | #include <ac_nonexistent.h>
      |          ^~~~~~~~~~~~~~~~~~
compilation terminated.
configure:4816: $? = 1
configure: failed program was:
| /* confdefs.h */
| #define PACKAGE_NAME "darwin"
| #define PACKAGE_TARNAME "darwin"
| #define PACKAGE_VERSION "2.22"
| #define PACKAGE_STRING "darwin 2.22"
| #define PACKAGE_BUGREPORT "darwin@eckerd.edu"
| #define PACKAGE_URL ""
| #define PACKAGE "darwin"
| #define VERSION "2.22"
| /* end confdefs.h.  */
| #include <ac_nonexistent.h>
configure:4841: result: gcc -E
configure:4861: gcc -E  conftest.c
configure:4861: $? = 0
configure:4875: gcc -E  conftest.c
conftest.c:11:10: fatal error: ac_nonexistent.h: No such file or directory
   11 | #include <ac_nonexistent.h>
      |          ^~~~~~~~~~~~~~~~~~
compilation terminated.
configure:4875: $? = 1
configure: failed program was:
| /* confdefs.h */
| #define PACKAGE_NAME "darwin"
| #define PACKAGE_TARNAME "darwin"
| #define PACKAGE_VERSION "2.22"
| #define PACKAGE_STRING "darwin 2.22"
| #define PACKAGE_BUGREPORT "darwin@eckerd.edu"
| #define PACKAGE_URL ""
| #define PACKAGE "darwin"
| #define VERSION "2.22"
| /* end confdefs.h.  */
| #include <ac_nonexistent.h>
configure:4904: checking for grep that handles long lines and -e
configure:4962: result: /bin/grep
configure:4967: checking for egrep
configure:5029: result: /bin/grep -E
configure:5034: checking for ANSI C header files
configure:5054: gcc -c -g -O2  conftest.c >&5
configure:5054: $? = 0
configure:5127: gcc -o conftest -g -O2   conftest.c  >&5
configure:5127: $? = 0
configure:5127: ./conftest
configure:5127: $? = 0
configure:5138: result: yes
configure:5151: checking for sys/types.h
configure:5151: gcc -c -g -O2  conftest.c >&5
configure:5151: $? = 0
configure:5151: result: yes
configure:5151: checking for sys/stat.h
configure:5151: gcc -c -g -O2  conftest.c >&5
configure:5151: $? = 0
configure:5151: result: yes
configure:5151: checking for stdlib.h
configure:5151: gcc -c -g -O2  conftest.c >&5
configure:5151: $? = 0
configure:5151: result: yes
configure:5151: checking for string.h
configure:5151: gcc -c -g -O2  conftest.c >&5
configure:5151: $? = 0
configure:5151: result: yes
configure:5151: checking for memory.h
configure:5151: gcc -c -g -O2  conftest.c >&5
configure:5151: $? = 0
configure:5151: result: yes
configure:5151: checking for strings.h
configure:5151: gcc -c -g -O2  conftest.c >&5
configure:5151: $? = 0
configure:5151: result: yes
configure:5151: checking for inttypes.h
configure:5151: gcc -c -g -O2  conftest.c >&5
configure:5151: $? = 0
configure:5151: result: yes
configure:5151: checking for stdint.h
configure:5151: gcc -c -g -O2  conftest.c >&5
configure:5151: $? = 0
configure:5151: result: yes
configure:5151: checking for unistd.h
configure:5151: gcc -c -g -O2  conftest.c >&5
configure:5151: $? = 0
configure:5151: result: yes
configure:5163: checking for size_t
configure:5163: gcc -c -g -O2  conftest.c >&5
configure:5163: $? = 0
configure:5163: gcc -c -g -O2  conftest.c >&5
conftest.c: In function 'main':
conftest.c:57:21: error: expected expression before ')' token
   57 | if (sizeof ((size_t)))
      |                     ^
configure:5163: $? = 1
configure: failed program was:
| /* confdefs.h */
| #define PACKAGE_NAME "darwin"
| #define PACKAGE_TARNAME "darwin"
| #define PACKAGE_VERSION "2.22"
| #define PACKAGE_STRING "darwin 2.22"
| #define PACKAGE_BUGREPORT "darwin@eckerd.edu"
| #define PACKAGE_URL ""
| #define PACKAGE "darwin"
| #define VERSION "2.22"
| #define STDC_HEADERS 1
| #define HAVE_SYS_TYPES_H 1
| #define HAVE_SYS_STAT_H 1
| #define HAVE_STDLIB_H 1
| #define HAVE_STRING_H 1
| #define HAVE_MEMORY_H 1
| #define HAVE_STRINGS_H 1
| #define HAVE_INTTYPES_H 1
| #define HAVE_STDINT_H 1
| #define HAVE_UNISTD_H 1
| /* end confdefs.h.  */
| #include <stdio.h>
| #ifdef HAVE_SYS_TYPES_H
| # include <sys/types.h>
| #endif
| #ifdef HAVE_SYS_STAT_H
| # include <sys/stat.h>
| #endif
| #ifdef STDC_HEADERS
| # include <stdlib.h>
| # include <stddef.h>
| #else
| # ifdef HAVE_STDLIB_H
| #  include <stdlib.h>
| # endif
| #endif
| #ifdef HAVE_STRING_H
| # if !defined STDC_HEADERS && defined HAVE_MEMORY_H
| #  include <memory.h>
| # endif
| # include <string.h>
| #endif
| #ifdef HAVE_STRINGS_H
| # include <strings.h>
| #endif
| #ifdef HAVE_INTTYPES_H
| # include <inttypes.h>
| #endif
| #ifdef HAVE_STDINT_H
| # include <stdint.h>
| #endif
| #ifdef HAVE_UNISTD_H
| # include <unistd.h>
| #endif
| int
| main ()
| {
| if (sizeof ((size_t)))
| 	    return 0;
|   ;
|   return 0;
| }
configure:5163: result: yes
configure:5176: checking for working alloca.h
configure:5193: gcc -o conftest -g -O2   conftest.c  >&5
configure:5193: $? = 0
configure:5201: result: yes
configure:5209: checking for alloca
configure:5246: gcc -o conftest -g -O2   conftest.c  >&5
configure:5246: $? = 0
configure:5254: result: yes
configure:5360: checking for ANSI C header files
configure:5464: result: yes
configure:5475: checking argz.h usability
configure:5475: gcc -c -g -O2  conftest.c >&5
configure:5475: $? = 0
configure:5475: result: yes
configure:5475: checking argz.h presence
configure:5475: gcc -E  conftest.c
configure:5475: $? = 0
configure:5475: result: yes
configure:5475: checking for argz.h
configure:5475: result: yes
configure:5475: checking fcntl.h usability
configure:5475: gcc -c -g -O2  conftest.c >&5
configure:5475: $? = 0
configure:5475: result: yes
configure:5475: checking fcntl.h presence
configure:5475: gcc -E  conftest.c
configure:5475: $? = 0
configure:5475: result: yes
configure:5475: checking for fcntl.h
configure:5475: result: yes
configure:5475: checking float.h usability
configure:5475: gcc -c -g -O2  conftest.c >&5
configure:5475: $? = 0
configure:5475: result: yes
configure:5475: checking float.h presence
configure:5475: gcc -E  conftest.c
configure:5475: $? = 0
configure:5475: result: yes
configure:5475: checking for float.h
configure:5475: result: yes
configure:5475: checking for inttypes.h
configure:5475: result: yes
configure:5475: checking langinfo.h usability
configure:5475: gcc -c -g -O2  conftest.c >&5
configure:5475: $? = 0
configure:5475: result: yes
configure:5475: checking langinfo.h presence
configure:5475: gcc -E  conftest.c
configure:5475: $? = 0
configure:5475: result: yes
configure:5475: checking for langinfo.h
configure:5475: result: yes
configure:5475: checking libintl.h usability
configure:5475: gcc -c -g -O2  conftest.c >&5
configure:5475: $? = 0
configure:5475: result: yes
configure:5475: checking libintl.h presence
configure:5475: gcc -E  conftest.c
configure:5475: $? = 0
configure:5475: result: yes
configure:5475: checking for libintl.h
configure:5475: result: yes
configure:5475: checking limits.h usability
configure:5475: gcc -c -g -O2  conftest.c >&5
configure:5475: $? = 0
configure:5475: result: yes
configure:5475: checking limits.h presence
configure:5475: gcc -E  conftest.c
configure:5475: $? = 0
configure:5475: result: yes
configure:5475: checking for limits.h
configure:5475: result: yes
configure:5475: checking locale.h usability
configure:5475: gcc -c -g -O2  conftest.c >&5
configure:5475: $? = 0
configure:5475: result: yes
configure:5475: checking locale.h presence
configure:5475: gcc -E  conftest.c
configure:5475: $? = 0
configure:5475: result: yes
configure:5475: checking for locale.h
configure:5475: result: yes
configure:5475: checking malloc.h usability
configure:5475: gcc -c -g -O2  conftest.c >&5
configure:5475: $? = 0
configure:5475: result: yes
configure:5475: checking malloc.h presence
configure:5475: gcc -E  conftest.c
configure:5475: $? = 0
configure:5475: result: yes
configure:5475: checking for malloc.h
configure:5475: result: yes
configure:5475: checking stddef.h usability
configure:5475: gcc -c -g -O2  conftest.c >&5
configure:5475: $? = 0
configure:5475: result: yes
configure:5475: checking stddef.h presence
configure:5475: gcc -E  conftest.c
configure:5475: $? = 0
configure:5475: result: yes
configure:5475: checking for stddef.h
configure:5475: result: yes
configure:5475: checking for stdint.h
configure:5475: result: yes
configure:5475: checking stdio_ext.h usability
configure:5475: gcc -c -g -O2  conftest.c >&5
configure:5475: $? = 0
configure:5475: result: yes
configure:5475: checking stdio_ext.h presence
configure:5475: gcc -E  conftest.c
configure:5475: $? = 0
configure:5475: result: yes
configure:5475: checking for stdio_ext.h
configure:5475: result: yes
configure:5475: checking for stdlib.h
configure:5475: result: yes
configure:5475: checking for string.h
configure:5475: result: yes
configure:5475: checking for strings.h
configure:5475: result: yes
configure:5475: checking sys/param.h usability
configure:5475: gcc -c -g -O2  conftest.c >&5
configure:5475: $? = 0
configure:5475: result: yes
configure:5475: checking sys/param.h presence
configure:5475: gcc -E  conftest.c
configure:5475: $? = 0
configure:5475: result: yes
configure:5475: checking for sys/param.h
configure:5475: result: yes
configure:5475: checking for unistd.h
configure:5475: result: yes
configure:5475: checking wchar.h usability
configure:5475: gcc -c -g -O2  conftest.c >&5
configure:5475: $? = 0
configure:5475: result: yes
configure:5475: checking wchar.h presence
configure:5475: gcc -E  conftest.c
configure:5475: $? = 0
configure:5475: result: yes
configure:5475: checking for wchar.h
configure:5475: result: yes
configure:5475: checking wctype.h usability
configure:5475: gcc -c -g -O2  conftest.c >&5
configure:5475: $? = 0
configure:5475: result: yes
configure:5475: checking wctype.h presence
configure:5475: gcc -E  conftest.c
configure:5475: $? = 0
configure:5475: result: yes
configure:5475: checking for wctype.h
configure:5475: result: yes
configure:5487: checking for stdbool.h that conforms to C99
configure:5554: gcc -c -g -O2  conftest.c >&5
configure:5554: $? = 0
configure:5561: result: yes
configure:5563: checking for _Bool
configure:5563: gcc -c -g -O2  conftest.c >&5
configure:5563: $? = 0
configure:5563: gcc -c -g -O2  conftest.c >&5
conftest.c: In function 'main':
conftest.c:79:20: error: expected expression before ')' token
   79 | if (sizeof ((_Bool)))
      |                    ^
configure:5563: $? = 1
configure: failed program was:
| /* confdefs.h */
| #define PACKAGE_NAME "darwin"
| #define PACKAGE_TARNAME "darwin"
| #define PACKAGE_VERSION "2.22"
| #define PACKAGE_STRING "darwin 2.22"
| #define PACKAGE_BUGREPORT "darwin@eckerd.edu"
| #define PACKAGE_URL ""
| #define PACKAGE "darwin"
| #define VERSION "2.22"
| #define STDC_HEADERS 1
| #define HAVE_SYS_TYPES_H 1
| #define HAVE_SYS_STAT_H 1
| #define HAVE_STDLIB_H 1
| #define HAVE_STRING_H 1
| #define HAVE_MEMORY_H 1
| #define HAVE_STRINGS_H 1
| #define HAVE_INTTYPES_H 1
| #define HAVE_STDINT_H 1
| #define HAVE_UNISTD_H 1
| #define HAVE_ALLOCA_H 1
| #define HAVE_ALLOCA 1
| #define STDC_HEADERS 1
| #define HAVE_ARGZ_H 1
| #define HAVE_FCNTL_H 1
| #define HAVE_FLOAT_H 1
| #define HAVE_INTTYPES_H 1
| #define HAVE_LANGINFO_H 1
| #define HAVE_LIBINTL_H 1
| #define HAVE_LIMITS_H 1
| #define HAVE_LOCALE_H 1
| #define HAVE_MALLOC_H 1
| #define HAVE_STDDEF_H 1
| #define HAVE_STDINT_H 1
| #define HAVE_STDIO_EXT_H 1
| #define HAVE_STDLIB_H 1
| #define HAVE_STRING_H 1
| #define HAVE_STRINGS_H 1
| #define HAVE_SYS_PARAM_H 1
| #define HAVE_UNISTD_H 1
| #define HAVE_WCHAR_H 1
| #define HAVE_WCTYPE_H 1
| /* end confdefs.h.  */
| #include <stdio.h>
| #ifdef HAVE_SYS_TYPES_H
| # include <sys/types.h>
| #endif
| #ifdef HAVE_SYS_STAT_H
| # include <sys/stat.h>
| #endif
| #ifdef STDC_HEADERS
| # include <stdlib.h>
| # include <stddef.h>
| #else
| # ifdef HAVE_STDLIB_H
| #  include <stdlib.h>
| # endif
| #endif
| #ifdef HAVE_STRING_H
| # if !defined STDC_HEADERS && defined HAVE_MEMORY_H
| #  include <memory.h>
| # endif
| # include <string.h>
| #endif
| #ifdef HAVE_STRINGS_H
| # include <strings.h>
| #endif
| #ifdef HAVE_INTTYPES_H
| # include <inttypes.h>
| #endif
| #ifdef HAVE_STDINT_H
| # include <stdint.h>
| #endif
| #ifdef HAVE_UNISTD_H
| # include <unistd.h>
| #endif
| int
| main ()
| {
| if (sizeof ((_Bool)))
| 	    return 0;
|   ;
|   return 0;
| }
configure:5563: result: yes
configure:5580: checking for an ANSI C-conforming const
configure:5646: gcc -c -g -O2  conftest.c >&5
configure:5646: $? = 0
configure:5653: result: yes
configure:5661: checking for inline
configure:5677: gcc -c -g -O2  conftest.c >&5
configure:5677: $? = 0
configure:5685: result: inline
configure:5703: checking for pid_t
configure:5703: gcc -c -g -O2  conftest.c >&5
configure:5703: $? = 0
configure:5703: gcc -c -g -O2  conftest.c >&5
conftest.c: In function 'main':
conftest.c:81:20: error: expected expression before ')' token
   81 | if (sizeof ((pid_t)))
      |                    ^
configure:5703: $? = 1
configure: failed program was:
| /* confdefs.h */
| #define PACKAGE_NAME "darwin"
| #define PACKAGE_TARNAME "darwin"
| #define PACKAGE_VERSION "2.22"
| #define PACKAGE_STRING "darwin 2.22"
| #define PACKAGE_BUGREPORT "darwin@eckerd.edu"
| #define PACKAGE_URL ""
| #define PACKAGE "darwin"
| #define VERSION "2.22"
| #define STDC_HEADERS 1
| #define HAVE_SYS_TYPES_H 1
| #define HAVE_SYS_STAT_H 1
| #define HAVE_STDLIB_H 1
| #define HAVE_STRING_H 1
| #define HAVE_MEMORY_H 1
| #define HAVE_STRINGS_H 1
| #define HAVE_INTTYPES_H 1
| #define HAVE_STDINT_H 1
| #define HAVE_UNISTD_H 1
| #define HAVE_ALLOCA_H 1
| #define HAVE_ALLOCA 1
| #define STDC_HEADERS 1
| #define HAVE_ARGZ_H 1
| #define HAVE_FCNTL_H 1
| #define HAVE_FLOAT_H 1
| #define HAVE_INTTYPES_H 1
| #define HAVE_LANGINFO_H 1
| #define HAVE_LIBINTL_H 1
| #define HAVE_LIMITS_H 1
| #define HAVE_LOCALE_H 1
| #define HAVE_MALLOC_H 1
| #define HAVE_STDDEF_H 1
| #define HAVE_STDINT_H 1
| #define HAVE_STDIO_EXT_H 1
| #define HAVE_STDLIB_H 1
| #define HAVE_STRING_H 1
| #define HAVE_STRINGS_H 1
| #define HAVE_SYS_PARAM_H 1
| #define HAVE_UNISTD_H 1
| #define HAVE_WCHAR_H 1
| #define HAVE_WCTYPE_H 1
| #define HAVE__BOOL 1
| #define HAVE_STDBOOL_H 1
| /* end confdefs.h.  */
| #include <stdio.h>
| #ifdef HAVE_SYS_TYPES_H
| # include <sys/types.h>
| #endif
| #ifdef HAVE_SYS_STAT_H
| # include <sys/stat.h>
| #endif
| #ifdef STDC_HEADERS
| # include <stdlib.h>
| # include <stddef.h>
| #else
| # ifdef HAVE_STDLIB_H
| #  include <stdlib.h>
| # endif
| #endif
| #ifdef HAVE_STRING_H
| # if !defined STDC_HEADERS && defined HAVE_MEMORY_H
| #  include <memory.h>
| # endif
| # include <string.h>
| #endif
| #ifdef HAVE_STRINGS_H
| # include <strings.h>
| #endif
| #ifdef HAVE_INTTYPES_H
| # include <inttypes.h>
| #endif
| #ifdef HAVE_STDINT_H
| # include <stdint.h>
| #endif
| #ifdef HAVE_UNISTD_H
| # include <unistd.h>
| #endif
| int
| main ()
| {
| if (sizeof ((pid_t)))
| 	    return 0;
|   ;
|   return 0;
| }
configure:5703: result: yes
configure:5714: checking for size_t
configure:5714: result: yes
configure:5725: checking whether time.h and sys/time.h may both be included
configure:5745: gcc -c -g -O2  conftest.c >&5
configure:5745: $? = 0
configure:5752: result: yes
configure:5760: checking whether struct tm is in sys/time.h or time.h
configure:5780: gcc -c -g -O2  conftest.c >&5
configure:5780: $? = 0
configure:5787: result: time.h
configure:5795: checking for working volatile
configure:5814: gcc -c -g -O2  conftest.c >&5
configure:5814: $? = 0
configure:5821: result: yes
configure:5829: checking for ptrdiff_t
configure:5829: gcc -c -g -O2  conftest.c >&5
configure:5829: $? = 0
configure:5829: gcc -c -g -O2  conftest.c >&5
conftest.c: In function 'main':
conftest.c:82:24: error: expected expression before ')' token
   82 | if (sizeof ((ptrdiff_t)))
      |                        ^
configure:5829: $? = 1
configure: failed program was:
| /* confdefs.h */
| #define PACKAGE_NAME "darwin"
| #define PACKAGE_TARNAME "darwin"
| #define PACKAGE_VERSION "2.22"
| #define PACKAGE_STRING "darwin 2.22"
| #define PACKAGE_BUGREPORT "darwin@eckerd.edu"
| #define PACKAGE_URL ""
| #define PACKAGE "darwin"
| #define VERSION "2.22"
| #define STDC_HEADERS 1
| #define HAVE_SYS_TYPES_H 1
| #define HAVE_SYS_STAT_H 1
| #define HAVE_STDLIB_H 1
| #define HAVE_STRING_H 1
| #define HAVE_MEMORY_H 1
| #define HAVE_STRINGS_H 1
| #define HAVE_INTTYPES_H 1
| #define HAVE_STDINT_H 1
| #define HAVE_UNISTD_H 1
| #define HAVE_ALLOCA_H 1
| #define HAVE_ALLOCA 1
| #define STDC_HEADERS 1
| #define HAVE_ARGZ_H 1
| #define HAVE_FCNTL_H 1
| #define HAVE_FLOAT_H 1
| #define HAVE_INTTYPES_H 1
| #define HAVE_LANGINFO_H 1
| #define HAVE_LIBINTL_H 1
| #define HAVE_LIMITS_H 1
| #define HAVE_LOCALE_H 1
| #define HAVE_MALLOC_H 1
| #define HAVE_STDDEF_H 1
| #define HAVE_STDINT_H 1
| #define HAVE_STDIO_EXT_H 1
| #define HAVE_STDLIB_H 1
| #define HAVE_STRING_H 1
| #define HAVE_STRINGS_H 1
| #define HAVE_SYS_PARAM_H 1
| #define HAVE_UNISTD_H 1
| #define HAVE_WCHAR_H 1
| #define HAVE_WCTYPE_H 1
| #define HAVE__BOOL 1
| #define HAVE_STDBOOL_H 1
| #define TIME_WITH_SYS_TIME 1
| /* end confdefs.h.  */
| #include <stdio.h>
| #ifdef HAVE_SYS_TYPES_H
| # include <sys/types.h>
| #endif
| #ifdef HAVE_SYS_STAT_H
| # include <sys/stat.h>
| #endif
| #ifdef STDC_HEADERS
| # include <stdlib.h>
| # include <stddef.h>
| #else
| # ifdef HAVE_STDLIB_H
| #  include <stdlib.h>
| # endif
| #endif
| #ifdef HAVE_STRING_H
| # if !defined STDC_HEADERS && defined HAVE_MEMORY_H
| #  include <memory.h>
| # endif
| # include <string.h>
| #endif
| #ifdef HAVE_STRINGS_H
| # include <strings.h>
| #endif
| #ifdef HAVE_INTTYPES_H
| # include <inttypes.h>
| #endif
| #ifdef HAVE_STDINT_H
| # include <stdint.h>
| #endif
| #ifdef HAVE_UNISTD_H
| # include <unistd.h>
| #endif
| int
| main ()
| {
| if (sizeof ((ptrdiff_t)))
| 	    return 0;
|   ;
|   return 0;
| }
configure:5829: result: yes
configure:5863: checking for pkg-config
configure:5881: found /usr/bin/pkg-config
configure:5894: result: /usr/bin/pkg-config
configure:5916: checking for GTK+ - version >= 2.0.0
configure:6026: gcc -o conftest -g -O2 -pthread -I/usr/include/gtk-2.0 -I/usr/lib/x86_64-linux-gnu/gtk-2.0/include -I/usr/include/pango-1.0 -I/usr/include/atk-1.0 -I/usr/include/gdk-pixbuf-2.0 -I/usr/include/libmount -I/usr/include/blkid -I/usr/include/pango-1.0 -I/usr/include/fribidi -I/usr/include/cairo -I/usr/include/pixman-1 -I/usr/include/harfbuzz -I/usr/include/glib-2.0 -I/usr/lib/x86_64-linux-gnu/glib-2.0/include -I/usr/include/uuid -I/usr/include/freetype2 -I/usr/include/libpng16   conftest.c -lgtk-x11-2.0 -lgdk-x11-2.0 -lpangocairo-1.0 -latk-1.0 -lcairo -lgdk_pixbuf-2.0 -lgio-2.0 -lpangoft2-1.0 -lpango-1.0 -lgobject-2.0 -lglib-2.0 -lharfbuzz -lfontconfig -lfreetype  >&5
In file included from /usr/include/gtk-2.0/gtk/gtkobject.h:37,
                 from /usr/include/gtk-2.0/gtk/gtkwidget.h:36,
                 from /usr/include/gtk-2.0/gtk/gtkcontainer.h:35,
                 from /usr/include/gtk-2.0/gtk/gtkbin.h:35,
                 from /usr/include/gtk-2.0/gtk/gtkwindow.h:36,
                 from /usr/include/gtk-2.0/gtk/gtkdialog.h:35,
                 from /usr/include/gtk-2.0/gtk/gtkaboutdialog.h:32,
                 from /usr/include/gtk-2.0/gtk/gtk.h:33,
                 from conftest.c:48:
/usr/include/gtk-2.0/gtk/gtktypeutils.h:236:1: warning: 'GTypeDebugFlags' is deprecated [-Wdeprecated-declarations]
  236 | void            gtk_type_init   (GTypeDebugFlags    debug_flags);
      | ^~~~
In file included from /usr/include/glib-2.0/gobject/gobject.h:24,
                 from /usr/include/glib-2.0/gobject/gbinding.h:29,
                 from /usr/include/glib-2.0/glib-object.h:22,
                 from /usr/include/glib-2.0/gio/gioenums.h:28,
                 from /usr/include/glib-2.0/gio/giotypes.h:28,
                 from /usr/include/glib-2.0/gio/gio.h:26,
                 from /usr/include/gtk-2.0/gdk/gdkapplaunchcontext.h:30,
                 from /usr/include/gtk-2.0/gdk/gdk.h:32,
                 from /usr/include/gtk-2.0/gtk/gtk.h:32,
                 from conftest.c:48:
/usr/include/glib-2.0/gobject/gtype.h:679:1: note: declared here
  679 | {
      | ^
In file included from /usr/include/gtk-2.0/gtk/gtktoolitem.h:31,
                 from /usr/include/gtk-2.0/gtk/gtktoolbutton.h:30,
                 from /usr/include/gtk-2.0/gtk/gtkmenutoolbutton.h:30,
                 from /usr/include/gtk-2.0/gtk/gtk.h:126,
                 from conftest.c:48:
/usr/include/gtk-2.0/gtk/gtktooltips.h:73:3: warning: 'GTimeVal' is deprecated: Use 'GDateTime' instead [-Wdeprecated-declarations]
   73 |   GTimeVal last_popdown;
      |   ^~~~~~~~
In file included from /usr/include/glib-2.0/glib/galloca.h:32,
                 from /usr/include/glib-2.0/glib.h:30,
                 from /usr/include/glib-2.0/gobject/gbinding.h:28,
                 from /usr/include/glib-2.0/glib-object.h:22,
                 from /usr/include/glib-2.0/gio/gioenums.h:28,
                 from /usr/include/glib-2.0/gio/giotypes.h:28,
                 from /usr/include/glib-2.0/gio/gio.h:26,
                 from /usr/include/gtk-2.0/gdk/gdkapplaunchcontext.h:30,
                 from /usr/include/gtk-2.0/gdk/gdk.h:32,
                 from /usr/include/gtk-2.0/gtk/gtk.h:32,
                 from conftest.c:48:
/usr/include/glib-2.0/glib/gtypes.h:547:8: note: declared here
  547 | struct _GTimeVal
      |        ^~~~~~~~~
configure:6026: $? = 0
configure:6026: ./conftest
configure:6026: $? = 0
configure:6040: result: yes (version 2.24.32)
configure:6105: checking for stdlib.h
configure:6105: result: yes
configure:6115: checking for GNU libc compatible malloc
configure:6139: gcc -o conftest -g -O2   conftest.c  >&5
configure:6139: $? = 0
configure:6139: ./conftest
configure:6139: $? = 0
configure:6149: result: yes
configure:6176: checking for stdlib.h
configure:6176: result: yes
configure:6176: checking for unistd.h
configure:6176: result: yes
configure:6176: checking for sys/param.h
configure:6176: result: yes
configure:6196: checking for getpagesize
configure:6196: gcc -o conftest -g -O2   conftest.c  >&5
configure:6196: $? = 0
configure:6196: result: yes
configure:6205: checking for working mmap
configure:6354: gcc -o conftest -g -O2   conftest.c  >&5
configure:6354: $? = 0
configure:6354: ./conftest
configure:6354: $? = 0
configure:6364: result: yes
configure:6375: checking for stdlib.h
configure:6375: result: yes
configure:6385: checking for GNU libc compatible realloc
configure:6409: gcc -o conftest -g -O2   conftest.c  >&5
configure:6409: $? = 0
configure:6409: ./conftest
configure:6409: $? = 0
configure:6419: result: yes
configure:6440: checking whether lstat correctly handles trailing slash
configure:6466: gcc -o conftest -g -O2   conftest.c  >&5
configure:6466: $? = 0
configure:6466: ./conftest
configure:6466: $? = 0
configure:6483: result: yes
configure:6502: checking whether stat accepts an empty string
configure:6522: gcc -o conftest -g -O2   conftest.c  >&5
configure:6522: $? = 0
configure:6522: ./conftest
configure:6522: $? = 0
configure:6532: result: no
configure:6550: checking for vprintf
configure:6550: gcc -o conftest -g -O2   conftest.c  >&5
conftest.c:80:6: warning: conflicting types for built-in function 'vprintf'; expected 'int(const char *, __va_list_tag *)' [-Wbuiltin-declaration-mismatch]
   80 | char vprintf ();
      |      ^~~~~~~
conftest.c:68:1: note: 'vprintf' is declared in header '<stdio.h>'
   67 | # include <limits.h>
   68 | #else
configure:6550: $? = 0
configure:6550: result: yes
configure:6556: checking for _doprnt
configure:6556: gcc -o conftest -g -O2   conftest.c  >&5
/usr/bin/ld: /tmp/ccXJxkPj.o: in function `main':
/home/adamrussell/Documents/Projects/darwin-ec/darwin/conftest.c:92: undefined reference to `_doprnt'
collect2: error: ld returned 1 exit status
configure:6556: $? = 1
configure: failed program was:
| /* confdefs.h */
| #define PACKAGE_NAME "darwin"
| #define PACKAGE_TARNAME "darwin"
| #define PACKAGE_VERSION "2.22"
| #define PACKAGE_STRING "darwin 2.22"
| #define PACKAGE_BUGREPORT "darwin@eckerd.edu"
| #define PACKAGE_URL ""
| #define PACKAGE "darwin"
| #define VERSION "2.22"
| #define STDC_HEADERS 1
| #define HAVE_SYS_TYPES_H 1
| #define HAVE_SYS_STAT_H 1
| #define HAVE_STDLIB_H 1
| #define HAVE_STRING_H 1
| #define HAVE_MEMORY_H 1
| #define HAVE_STRINGS_H 1
| #define HAVE_INTTYPES_H 1
| #define HAVE_STDINT_H 1
| #define HAVE_UNISTD_H 1
| #define HAVE_ALLOCA_H 1
| #define HAVE_ALLOCA 1
| #define STDC_HEADERS 1
| #define HAVE_ARGZ_H 1
| #define HAVE_FCNTL_H 1
| #define HAVE_FLOAT_H 1
| #define HAVE_INTTYPES_H 1
| #define HAVE_LANGINFO_H 1
| #define HAVE_LIBINTL_H 1
| #define HAVE_LIMITS_H 1
| #define HAVE_LOCALE_H 1
| #define HAVE_MALLOC_H 1
| #define HAVE_STDDEF_H 1
| #define HAVE_STDINT_H 1
| #define HAVE_STDIO_EXT_H 1
| #define HAVE_STDLIB_H 1
| #define HAVE_STRING_H 1
| #define HAVE_STRINGS_H 1
| #define HAVE_SYS_PARAM_H 1
| #define HAVE_UNISTD_H 1
| #define HAVE_WCHAR_H 1
| #define HAVE_WCTYPE_H 1
| #define HAVE__BOOL 1
| #define HAVE_STDBOOL_H 1
| #define TIME_WITH_SYS_TIME 1
| #define HAVE_PTRDIFF_T 1
| #define HAVE_STDLIB_H 1
| #define HAVE_MALLOC 1
| #define HAVE_STDLIB_H 1
| #define HAVE_UNISTD_H 1
| #define HAVE_SYS_PARAM_H 1
| #define HAVE_GETPAGESIZE 1
| #define HAVE_MMAP 1
| #define HAVE_STDLIB_H 1
| #define HAVE_REALLOC 1
| #define LSTAT_FOLLOWS_SLASHED_SYMLINK 1
| #define HAVE_VPRINTF 1
| /* end confdefs.h.  */
| /* Define _doprnt to an innocuous variant, in case <limits.h> declares _doprnt.
|    For example, HP-UX 11i <limits.h> declares gettimeofday.  */
| #define _doprnt innocuous__doprnt
| 
| /* System header to define __stub macros and hopefully few prototypes,
|     which can conflict with char _doprnt (); below.
|     Prefer <limits.h> to <assert.h> if __STDC__ is defined, since
|     <limits.h> exists even on freestanding compilers.  */
| 
| #ifdef __STDC__
| # include <limits.h>
| #else
| # include <assert.h>
| #endif
| 
| #undef _doprnt
| 
| /* Override any GCC internal prototype to avoid an error.
|    Use char because int might match the return type of a GCC
|    builtin and then its argument prototype would still apply.  */
| #ifdef __cplusplus
| extern "C"
| #endif
| char _doprnt ();
| /* The GNU C library defines this for functions which it implements
|     to always fail with ENOSYS.  Some functions are actually named
|     something starting with __ and the normal name is an alias.  */
| #if defined __stub__doprnt || defined __stub____doprnt
| choke me
| #endif
| 
| int
| main ()
| {
| return _doprnt ();
|   ;
|   return 0;
| }
configure:6556: result: no
configure:6570: checking for __argz_count
configure:6570: gcc -o conftest -g -O2   conftest.c  >&5
configure:6570: $? = 0
configure:6570: result: yes
configure:6570: checking for __argz_next
configure:6570: gcc -o conftest -g -O2   conftest.c  >&5
configure:6570: $? = 0
configure:6570: result: yes
configure:6570: checking for __argz_stringify
configure:6570: gcc -o conftest -g -O2   conftest.c  >&5
configure:6570: $? = 0
configure:6570: result: yes
configure:6570: checking for floor
configure:6570: gcc -o conftest -g -O2   conftest.c  >&5
conftest.c:84:6: warning: conflicting types for built-in function 'floor'; expected 'double(double)' [-Wbuiltin-declaration-mismatch]
   84 | char floor ();
      |      ^~~~~
conftest.c:72:1: note: 'floor' is declared in header '<math.h>'
   71 | # include <limits.h>
   72 | #else
/usr/bin/ld: /tmp/ccDezn82.o: in function `main':
/home/adamrussell/Documents/Projects/darwin-ec/darwin/conftest.c:95: undefined reference to `floor'
collect2: error: ld returned 1 exit status
configure:6570: $? = 1
configure: failed program was:
| /* confdefs.h */
| #define PACKAGE_NAME "darwin"
| #define PACKAGE_TARNAME "darwin"
| #define PACKAGE_VERSION "2.22"
| #define PACKAGE_STRING "darwin 2.22"
| #define PACKAGE_BUGREPORT "darwin@eckerd.edu"
| #define PACKAGE_URL ""
| #define PACKAGE "darwin"
| #define VERSION "2.22"
| #define STDC_HEADERS 1
| #define HAVE_SYS_TYPES_H 1
| #define HAVE_SYS_STAT_H 1
| #define HAVE_STDLIB_H 1
| #define HAVE_STRING_H 1
| #define HAVE_MEMORY_H 1
| #define HAVE_STRINGS_H 1
| #define HAVE_INTTYPES_H 1
| #define HAVE_STDINT_H 1
| #define HAVE_UNISTD_H 1
| #define HAVE_ALLOCA_H 1
| #define HAVE_ALLOCA 1
| #define STDC_HEADERS 1
| #define HAVE_ARGZ_H 1
| #define HAVE_FCNTL_H 1
| #define HAVE_FLOAT_H 1
| #define HAVE_INTTYPES_H 1
| #define HAVE_LANGINFO_H 1
| #define HAVE_LIBINTL_H 1
| #define HAVE_LIMITS_H 1
| #define HAVE_LOCALE_H 1
| #define HAVE_MALLOC_H 1
| #define HAVE_STDDEF_H 1
| #define HAVE_STDINT_H 1
| #define HAVE_STDIO_EXT_H 1
| #define HAVE_STDLIB_H 1
| #define HAVE_STRING_H 1
| #define HAVE_STRINGS_H 1
| #define HAVE_SYS_PARAM_H 1
| #define HAVE_UNISTD_H 1
| #define HAVE_WCHAR_H 1
| #define HAVE_WCTYPE_H 1
| #define HAVE__BOOL 1
| #define HAVE_STDBOOL_H 1
| #define TIME_WITH_SYS_TIME 1
| #define HAVE_PTRDIFF_T 1
| #define HAVE_STDLIB_H 1
| #define HAVE_MALLOC 1
| #define HAVE_STDLIB_H 1
| #define HAVE_UNISTD_H 1
| #define HAVE_SYS_PARAM_H 1
| #define HAVE_GETPAGESIZE 1
| #define HAVE_MMAP 1
| #define HAVE_STDLIB_H 1
| #define HAVE_REALLOC 1
| #define LSTAT_FOLLOWS_SLASHED_SYMLINK 1
| #define HAVE_VPRINTF 1
| #define HAVE___ARGZ_COUNT 1
| #define HAVE___ARGZ_NEXT 1
| #define HAVE___ARGZ_STRINGIFY 1
| /* end confdefs.h.  */
| /* Define floor to an innocuous variant, in case <limits.h> declares floor.
|    For example, HP-UX 11i <limits.h> declares gettimeofday.  */
| #define floor innocuous_floor
| 
| /* System header to define __stub macros and hopefully few prototypes,
|     which can conflict with char floor (); below.
|     Prefer <limits.h> to <assert.h> if __STDC__ is defined, since
|     <limits.h> exists even on freestanding compilers.  */
| 
| #ifdef __STDC__
| # include <limits.h>
| #else
| # include <assert.h>
| #endif
| 
| #undef floor
| 
| /* Override any GCC internal prototype to avoid an error.
|    Use char because int might match the return type of a GCC
|    builtin and then its argument prototype would still apply.  */
| #ifdef __cplusplus
| extern "C"
| #endif
| char floor ();
| /* The GNU C library defines this for functions which it implements
|     to always fail with ENOSYS.  Some functions are actually named
|     something starting with __ and the normal name is an alias.  */
| #if defined __stub_floor || defined __stub___floor
| choke me
| #endif
| 
| int
| main ()
| {
| return floor ();
|   ;
|   return 0;
| }
configure:6570: result: no
configure:6570: checking for getcwd
configure:6570: gcc -o conftest -g -O2   conftest.c  >&5
configure:6570: $? = 0
configure:6570: result: yes
configure:6570: checking for mempcpy
configure:6570: gcc -o conftest -g -O2   conftest.c  >&5
conftest.c:85:6: warning: conflicting types for built-in function 'mempcpy'; expected 'void *(void *, const void *, long unsigned int)' [-Wbuiltin-declaration-mismatch]
   85 | char mempcpy ();
      |      ^~~~~~~
configure:6570: $? = 0
configure:6570: result: yes
configure:6570: checking for memset
configure:6570: gcc -o conftest -g -O2   conftest.c  >&5
conftest.c:86:6: warning: conflicting types for built-in function 'memset'; expected 'void *(void *, int,  long unsigned int)' [-Wbuiltin-declaration-mismatch]
   86 | char memset ();
      |      ^~~~~~
conftest.c:74:1: note: 'memset' is declared in header '<string.h>'
   73 | # include <limits.h>
   74 | #else
configure:6570: $? = 0
configure:6570: result: yes
configure:6570: checking for munmap
configure:6570: gcc -o conftest -g -O2   conftest.c  >&5
configure:6570: $? = 0
configure:6570: result: yes
configure:6570: checking for nl_langinfo
configure:6570: gcc -o conftest -g -O2   conftest.c  >&5
configure:6570: $? = 0
configure:6570: result: yes
configure:6570: checking for pow
configure:6570: gcc -o conftest -g -O2   conftest.c  >&5
conftest.c:89:6: warning: conflicting types for built-in function 'pow'; expected 'double(double,  double)' [-Wbuiltin-declaration-mismatch]
   89 | char pow ();
      |      ^~~
conftest.c:77:1: note: 'pow' is declared in header '<math.h>'
   76 | # include <limits.h>
   77 | #else
/usr/bin/ld: /tmp/cc8275B2.o: in function `main':
/home/adamrussell/Documents/Projects/darwin-ec/darwin/conftest.c:100: undefined reference to `pow'
collect2: error: ld returned 1 exit status
configure:6570: $? = 1
configure: failed program was:
| /* confdefs.h */
| #define PACKAGE_NAME "darwin"
| #define PACKAGE_TARNAME "darwin"
| #define PACKAGE_VERSION "2.22"
| #define PACKAGE_STRING "darwin 2.22"
| #define PACKAGE_BUGREPORT "darwin@eckerd.edu"
| #define PACKAGE_URL ""
| #define PACKAGE "darwin"
| #define VERSION "2.22"
| #define STDC_HEADERS 1
| #define HAVE_SYS_TYPES_H 1
| #define HAVE_SYS_STAT_H 1
| #define HAVE_STDLIB_H 1
| #define HAVE_STRING_H 1
| #define HAVE_MEMORY_H 1
| #define HAVE_STRINGS_H 1
| #define HAVE_INTTYPES_H 1
| #define HAVE_STDINT_H 1
| #define HAVE_UNISTD_H 1
| #define HAVE_ALLOCA_H 1
| #define HAVE_ALLOCA 1
| #define STDC_HEADERS 1
| #define HAVE_ARGZ_H 1
| #define HAVE_FCNTL_H 1
| #define HAVE_FLOAT_H 1
| #define HAVE_INTTYPES_H 1
| #define HAVE_LANGINFO_H 1
| #define HAVE_LIBINTL_H 1
| #define HAVE_LIMITS_H 1
| #define HAVE_LOCALE_H 1
| #define HAVE_MALLOC_H 1
| #define HAVE_STDDEF_H 1
| #define HAVE_STDINT_H 1
| #define HAVE_STDIO_EXT_H 1
| #define HAVE_STDLIB_H 1
| #define HAVE_STRING_H 1
| #define HAVE_STRINGS_H 1
| #define HAVE_SYS_PARAM_H 1
| #define HAVE_UNISTD_H 1
| #define HAVE_WCHAR_H 1
| #define HAVE_WCTYPE_H 1
| #define HAVE__BOOL 1
| #define HAVE_STDBOOL_H 1
| #define TIME_WITH_SYS_TIME 1
| #define HAVE_PTRDIFF_T 1
| #define HAVE_STDLIB_H 1
| #define HAVE_MALLOC 1
| #define HAVE_STDLIB_H 1
| #define HAVE_UNISTD_H 1
| #define HAVE_SYS_PARAM_H 1
| #define HAVE_GETPAGESIZE 1
| #define HAVE_MMAP 1
| #define HAVE_STDLIB_H 1
| #define HAVE_REALLOC 1
| #define LSTAT_FOLLOWS_SLASHED_SYMLINK 1
| #define HAVE_VPRINTF 1
| #define HAVE___ARGZ_COUNT 1
| #define HAVE___ARGZ_NEXT 1
| #define HAVE___ARGZ_STRINGIFY 1
| #define HAVE_GETCWD 1
| #define HAVE_MEMPCPY 1
| #define HAVE_MEMSET 1
| #define HAVE_MUNMAP 1
| #define HAVE_NL_LANGINFO 1
| /* end confdefs.h.  */
| /* Define pow to an innocuous variant, in case <limits.h> declares pow.
|    For example, HP-UX 11i <limits.h> declares gettimeofday.  */
| #define pow innocuous_pow
| 
| /* System header to define __stub macros and hopefully few prototypes,
|     which can conflict with char pow (); below.
|     Prefer <limits.h> to <assert.h> if __STDC__ is defined, since
|     <limits.h> exists even on freestanding compilers.  */
| 
| #ifdef __STDC__
| # include <limits.h>
| #else
| # include <assert.h>
| #endif
| 
| #undef pow
| 
| /* Override any GCC internal prototype to avoid an error.
|    Use char because int might match the return type of a GCC
|    builtin and then its argument prototype would still apply.  */
| #ifdef __cplusplus
| extern "C"
| #endif
| char pow ();
| /* The GNU C library defines this for functions which it implements
|     to always fail with ENOSYS.  Some functions are actually named
|     something starting with __ and the normal name is an alias.  */
| #if defined __stub_pow || defined __stub___pow
| choke me
| #endif
| 
| int
| main ()
| {
| return pow ();
|   ;
|   return 0;
| }
configure:6570: result: no
configure:6570: checking for setlocale
configure:6570: gcc -o conftest -g -O2   conftest.c  >&5
configure:6570: $? = 0
configure:6570: result: yes
configure:6570: checking for sqrt
configure:6570: gcc -o conftest -g -O2   conftest.c  >&5
conftest.c:90:6: warning: conflicting types for built-in function 'sqrt'; expected 'double(double)' [-Wbuiltin-declaration-mismatch]
   90 | char sqrt ();
      |      ^~~~
conftest.c:78:1: note: 'sqrt' is declared in header '<math.h>'
   77 | # include <limits.h>
   78 | #else
/usr/bin/ld: /tmp/ccwrpBKR.o: in function `main':
/home/adamrussell/Documents/Projects/darwin-ec/darwin/conftest.c:101: undefined reference to `sqrt'
collect2: error: ld returned 1 exit status
configure:6570: $? = 1
configure: failed program was:
| /* confdefs.h */
| #define PACKAGE_NAME "darwin"
| #define PACKAGE_TARNAME "darwin"
| #define PACKAGE_VERSION "2.22"
| #define PACKAGE_STRING "darwin 2.22"
| #define PACKAGE_BUGREPORT "darwin@eckerd.edu"
| #define PACKAGE_URL ""
| #define PACKAGE "darwin"
| #define VERSION "2.22"
| #define STDC_HEADERS 1
| #define HAVE_SYS_TYPES_H 1
| #define HAVE_SYS_STAT_H 1
| #define HAVE_STDLIB_H 1
| #define HAVE_STRING_H 1
| #define HAVE_MEMORY_H 1
| #define HAVE_STRINGS_H 1
| #define HAVE_INTTYPES_H 1
| #define HAVE_STDINT_H 1
| #define HAVE_UNISTD_H 1
| #define HAVE_ALLOCA_H 1
| #define HAVE_ALLOCA 1
| #define STDC_HEADERS 1
| #define HAVE_ARGZ_H 1
| #define HAVE_FCNTL_H 1
| #define HAVE_FLOAT_H 1
| #define HAVE_INTTYPES_H 1
| #define HAVE_LANGINFO_H 1
| #define HAVE_LIBINTL_H 1
| #define HAVE_LIMITS_H 1
| #define HAVE_LOCALE_H 1
| #define HAVE_MALLOC_H 1
| #define HAVE_STDDEF_H 1
| #define HAVE_STDINT_H 1
| #define HAVE_STDIO_EXT_H 1
| #define HAVE_STDLIB_H 1
| #define HAVE_STRING_H 1
| #define HAVE_STRINGS_H 1
| #define HAVE_SYS_PARAM_H 1
| #define HAVE_UNISTD_H 1
| #define HAVE_WCHAR_H 1
| #define HAVE_WCTYPE_H 1
| #define HAVE__BOOL 1
| #define HAVE_STDBOOL_H 1
| #define TIME_WITH_SYS_TIME 1
| #define HAVE_PTRDIFF_T 1
| #define HAVE_STDLIB_H 1
| #define HAVE_MALLOC 1
| #define HAVE_STDLIB_H 1
| #define HAVE_UNISTD_H 1
| #define HAVE_SYS_PARAM_H 1
| #define HAVE_GETPAGESIZE 1
| #define HAVE_MMAP 1
| #define HAVE_STDLIB_H 1
| #define HAVE_REALLOC 1
| #define LSTAT_FOLLOWS_SLASHED_SYMLINK 1
| #define HAVE_VPRINTF 1
| #define HAVE___ARGZ_COUNT 1
| #define HAVE___ARGZ_NEXT 1
| #define HAVE___ARGZ_STRINGIFY 1
| #define HAVE_GETCWD 1
| #define HAVE_MEMPCPY 1
| #define HAVE_MEMSET 1
| #define HAVE_MUNMAP 1
| #define HAVE_NL_LANGINFO 1
| #define HAVE_SETLOCALE 1
| /* end confdefs.h.  */
| /* Define sqrt to an innocuous variant, in case <limits.h> declares sqrt.
|    For example, HP-UX 11i <limits.h> declares gettimeofday.  */
| #define sqrt innocuous_sqrt
| 
| /* System header to define __stub macros and hopefully few prototypes,
|     which can conflict with char sqrt (); below.
|     Prefer <limits.h> to <assert.h> if __STDC__ is defined, since
|     <limits.h> exists even on freestanding compilers.  */
| 
| #ifdef __STDC__
| # include <limits.h>
| #else
| # include <assert.h>
| #endif
| 
| #undef sqrt
| 
| /* Override any GCC internal prototype to avoid an error.
|    Use char because int might match the return type of a GCC
|    builtin and then its argument prototype would still apply.  */
| #ifdef __cplusplus
| extern "C"
| #endif
| char sqrt ();
| /* The GNU C library defines this for functions which it implements
|     to always fail with ENOSYS.  Some functions are actually named
|     something starting with __ and the normal name is an alias.  */
| #if defined __stub_sqrt || defined __stub___sqrt
| choke me
| #endif
| 
| int
| main ()
| {
| return sqrt ();
|   ;
|   return 0;
| }
configure:6570: result: no
configure:6570: checking for stpcpy
configure:6570: gcc -o conftest -g -O2   conftest.c  >&5
conftest.c:90:6: warning: conflicting types for built-in function 'stpcpy'; expected 'char *(char *, const char *)' [-Wbuiltin-declaration-mismatch]
   90 | char stpcpy ();
      |      ^~~~~~
configure:6570: $? = 0
configure:6570: result: yes
configure:6570: checking for strcasecmp
configure:6570: gcc -o conftest -g -O2   conftest.c  >&5
conftest.c:91:6: warning: conflicting types for built-in function 'strcasecmp'; expected 'int(const char *, const char *)' [-Wbuiltin-declaration-mismatch]
   91 | char strcasecmp ();
      |      ^~~~~~~~~~
configure:6570: $? = 0
configure:6570: result: yes
configure:6570: checking for strchr
configure:6570: gcc -o conftest -g -O2   conftest.c  >&5
conftest.c:92:6: warning: conflicting types for built-in function 'strchr'; expected 'char *(const char *, int)' [-Wbuiltin-declaration-mismatch]
   92 | char strchr ();
      |      ^~~~~~
conftest.c:80:1: note: 'strchr' is declared in header '<string.h>'
   79 | # include <limits.h>
   80 | #else
configure:6570: $? = 0
configure:6570: result: yes
configure:6570: checking for strcspn
configure:6570: gcc -o conftest -g -O2   conftest.c  >&5
conftest.c:93:6: warning: conflicting types for built-in function 'strcspn'; expected 'long unsigned int(const char *, const char *)' [-Wbuiltin-declaration-mismatch]
   93 | char strcspn ();
      |      ^~~~~~~
conftest.c:81:1: note: 'strcspn' is declared in header '<string.h>'
   80 | # include <limits.h>
   81 | #else
configure:6570: $? = 0
configure:6570: result: yes
configure:6570: checking for strdup
configure:6570: gcc -o conftest -g -O2   conftest.c  >&5
conftest.c:94:6: warning: conflicting types for built-in function 'strdup'; expected 'char *(const char *)' [-Wbuiltin-declaration-mismatch]
   94 | char strdup ();
      |      ^~~~~~
configure:6570: $? = 0
configure:6570: result: yes
configure:6570: checking for strrchr
configure:6570: gcc -o conftest -g -O2   conftest.c  >&5
conftest.c:95:6: warning: conflicting types for built-in function 'strrchr'; expected 'char *(const char *, int)' [-Wbuiltin-declaration-mismatch]
   95 | char strrchr ();
      |      ^~~~~~~
conftest.c:83:1: note: 'strrchr' is declared in header '<string.h>'
   82 | # include <limits.h>
   83 | #else
configure:6570: $? = 0
configure:6570: result: yes
configure:6570: checking for strstr
configure:6570: gcc -o conftest -g -O2   conftest.c  >&5
conftest.c:96:6: warning: conflicting types for built-in function 'strstr'; expected 'char *(const char *, const char *)' [-Wbuiltin-declaration-mismatch]
   96 | char strstr ();
      |      ^~~~~~
conftest.c:84:1: note: 'strstr' is declared in header '<string.h>'
   83 | # include <limits.h>
   84 | #else
configure:6570: $? = 0
configure:6570: result: yes
configure:6570: checking for strtoul
configure:6570: gcc -o conftest -g -O2   conftest.c  >&5
configure:6570: $? = 0
configure:6570: result: yes
configure:6765: creating ./config.status

## ---------------------- ##
## Running config.status. ##
## ---------------------- ##

This file was extended by darwin config.status 2.22, which was
generated by GNU Autoconf 2.69.  Invocation command line was

  CONFIG_FILES    = 
  CONFIG_HEADERS  = 
  CONFIG_LINKS    = 
  CONFIG_COMMANDS = 
  $ ./config.status 

on asr-workstation1

config.status:926: creating src/image_processing/Makefile
config.status:926: creating src/interface/Makefile
config.status:926: creating src/matching/Makefile
config.status:926: creating src/math/Makefile
config.status:926: creating src/wavelet/Makefile
config.status:926: creating src/Makefile
config.status:926: creating png/Makefile
config.status:926: creating Makefile
config.status:926: creating config.h
config.status:1107: config.h is unchanged
config.status:1155: executing depfiles commands

## ---------------- ##
## Cache variables. ##
## ---------------- ##

ac_cv_c_compiler_gnu=yes
ac_cv_c_const=yes
ac_cv_c_inline=inline
ac_cv_c_volatile=yes
ac_cv_cxx_compiler_gnu=yes
ac_cv_env_CCC_set=
ac_cv_env_CCC_value=
ac_cv_env_CC_set=
ac_cv_env_CC_value=
ac_cv_env_CFLAGS_set=
ac_cv_env_CFLAGS_value=
ac_cv_env_CPPFLAGS_set=
ac_cv_env_CPPFLAGS_value=
ac_cv_env_CPP_set=
ac_cv_env_CPP_value=
ac_cv_env_CXXFLAGS_set=
ac_cv_env_CXXFLAGS_value=
ac_cv_env_CXX_set=
ac_cv_env_CXX_value=
ac_cv_env_LDFLAGS_set=
ac_cv_env_LDFLAGS_value=
ac_cv_env_LIBS_set=
ac_cv_env_LIBS_value=
ac_cv_env_build_alias_set=
ac_cv_env_build_alias_value=
ac_cv_env_host_alias_set=
ac_cv_env_host_alias_value=
ac_cv_env_target_alias_set=
ac_cv_env_target_alias_value=
ac_cv_func___argz_count=yes
ac_cv_func___argz_next=yes
ac_cv_func___argz_stringify=yes
ac_cv_func__doprnt=no
ac_cv_func_alloca_works=yes
ac_cv_func_floor=no
ac_cv_func_getcwd=yes
ac_cv_func_getpagesize=yes
ac_cv_func_lstat_dereferences_slashed_symlink=yes
ac_cv_func_malloc_0_nonnull=yes
ac_cv_func_mempcpy=yes
ac_cv_func_memset=yes
ac_cv_func_mmap_fixed_mapped=yes
ac_cv_func_munmap=yes
ac_cv_func_nl_langinfo=yes
ac_cv_func_pow=no
ac_cv_func_realloc_0_nonnull=yes
ac_cv_func_setlocale=yes
ac_cv_func_sqrt=no
ac_cv_func_stat_empty_string_bug=no
ac_cv_func_stpcpy=yes
ac_cv_func_strcasecmp=yes
ac_cv_func_strchr=yes
ac_cv_func_strcspn=yes
ac_cv_func_strdup=yes
ac_cv_func_strrchr=yes
ac_cv_func_strstr=yes
ac_cv_func_strtoul=yes
ac_cv_func_vprintf=yes
ac_cv_header_argz_h=yes
ac_cv_header_fcntl_h=yes
ac_cv_header_float_h=yes
ac_cv_header_inttypes_h=yes
ac_cv_header_langinfo_h=yes
ac_cv_header_libintl_h=yes
ac_cv_header_limits_h=yes
ac_cv_header_locale_h=yes
ac_cv_header_malloc_h=yes
ac_cv_header_memory_h=yes
ac_cv_header_stdbool_h=yes
ac_cv_header_stdc=yes
ac_cv_header_stddef_h=yes
ac_cv_header_stdint_h=yes
ac_cv_header_stdio_ext_h=yes
ac_cv_header_stdlib_h=yes
ac_cv_header_string_h=yes
ac_cv_header_strings_h=yes
ac_cv_header_sys_param_h=yes
ac_cv_header_sys_stat_h=yes
ac_cv_header_sys_types_h=yes
ac_cv_header_time=yes
ac_cv_header_unistd_h=yes
ac_cv_header_wchar_h=yes
ac_cv_header_wctype_h=yes
ac_cv_lib_Interface_AboutDialog__AboutDialog=no
ac_cv_lib_Matching_Match__Match=no
ac_cv_lib_PNGsupport_PngLoadImage=no
ac_cv_lib_WLC_WL_SetErrorMsg=no
ac_cv_lib_image_processing_convColorToPixmapString=no
ac_cv_lib_math_gaussj=no
ac_cv_objext=o
ac_cv_path_EGREP='/bin/grep -E'
ac_cv_path_GREP=/bin/grep
ac_cv_path_PKG_CONFIG=/usr/bin/pkg-config
ac_cv_path_install='/usr/bin/install -c'
ac_cv_path_mkdir=/bin/mkdir
ac_cv_prog_AWK=mawk
ac_cv_prog_CPP='gcc -E'
ac_cv_prog_ac_ct_CC=gcc
ac_cv_prog_ac_ct_CXX=g++
ac_cv_prog_ac_ct_RANLIB=ranlib
ac_cv_prog_cc_c89=
ac_cv_prog_cc_c99=
ac_cv_prog_cc_g=yes
ac_cv_prog_cc_stdc=
ac_cv_prog_cxx_g=yes
ac_cv_prog_make_make_set=yes
ac_cv_struct_tm=time.h
ac_cv_type__Bool=yes
ac_cv_type_pid_t=yes
ac_cv_type_ptrdiff_t=yes
ac_cv_type_size_t=yes
ac_cv_working_alloca_h=yes
am_cv_CC_dependencies_compiler_type=gcc3
am_cv_CXX_dependencies_compiler_type=gcc3

## ----------------- ##
## Output variables. ##
## ----------------- ##

ACLOCAL='${SHELL} /home/adamrussell/Documents/Projects/darwin-ec/darwin/missing --run aclocal-1.11'
ALLOCA=''
AMDEPBACKSLASH='\'
AMDEP_FALSE='#'
AMDEP_TRUE=''
AMTAR='${SHELL} /home/adamrussell/Documents/Projects/darwin-ec/darwin/missing --run tar'
AUTOCONF='${SHELL} /home/adamrussell/Documents/Projects/darwin-ec/darwin/missing --run autoconf'
AUTOHEADER='${SHELL} /home/adamrussell/Documents/Projects/darwin-ec/darwin/missing --run autoheader'
AUTOMAKE='${SHELL} /home/adamrussell/Documents/Projects/darwin-ec/darwin/missing --run automake-1.11'
AWK='mawk'
CC='gcc'
CCDEPMODE='depmode=gcc3'
CFLAGS='-g -O2'
CPP='gcc -E'
CPPFLAGS=''
CXX='g++'
CXXDEPMODE='depmode=gcc3'
CXXFLAGS='-g -O2'
CYGPATH_W='echo'
DEFS='-DHAVE_CONFIG_H'
DEPDIR='.deps'
ECHO_C=''
ECHO_N='-n'
ECHO_T=''
EGREP='/bin/grep -E'
EXEEXT=''
GREP='/bin/grep'
GTK_CFLAGS='-pthread -I/usr/include/gtk-2.0 -I/usr/lib/x86_64-linux-gnu/gtk-2.0/include -I/usr/include/pango-1.0 -I/usr/include/atk-1.0 -I/usr/include/gdk-pixbuf-2.0 -I/usr/include/libmount -I/usr/include/blkid -I/usr/include/pango-1.0 -I/usr/include/fribidi -I/usr/include/cairo -I/usr/include/pixman-1 -I/usr/include/harfbuzz -I/usr/include/glib-2.0 -I/usr/lib/x86_64-linux-gnu/glib-2.0/include -I/usr/include/uuid -I/usr/include/freetype2 -I/usr/include/libpng16'
GTK_LIBS='-lgtk-x11-2.0 -lgdk-x11-2.0 -lpangocairo-1.0 -latk-1.0 -lcairo -lgdk_pixbuf-2.0 -lgio-2.0 -lpangoft2-1.0 -lpango-1.0 -lgobject-2.0 -lglib-2.0 -lharfbuzz -lfontconfig -lfreetype'
INSTALL_DATA='${INSTALL} -m 644'
INSTALL_PROGRAM='${INSTALL}'
INSTALL_SCRIPT='${INSTALL}'
INSTALL_STRIP_PROGRAM='$(install_sh) -c -s'
LDFLAGS=''
LIBOBJS=''
LIBS=''
LTLIBOBJS=''
MAKEINFO='${SHELL} /home/adamrussell/Documents/Projects/darwin-ec/darwin/missing --run makeinfo'
MKDIR_P='/bin/mkdir -p'
OBJEXT='o'
PACKAGE='darwin'
PACKAGE_BUGREPORT='darwin@eckerd.edu'
PACKAGE_NAME='darwin'
PACKAGE_STRING='darwin 2.22'
PACKAGE_TARNAME='darwin'
PACKAGE_URL=''
PACKAGE_VERSION='2.22'
PATH_SEPARATOR=':'
PKG_CONFIG='/usr/bin/pkg-config'
RANLIB='ranlib'
SET_MAKE=''
SHELL='/bin/bash'
STRIP=''
VERSION='2.22'
ac_ct_CC='gcc'
ac_ct_CXX='g++'
am__EXEEXT_FALSE=''
am__EXEEXT_TRUE='#'
am__fastdepCC_FALSE='#'
am__fastdepCC_TRUE=''
am__fastdepCXX_FALSE='#'
am__fastdepCXX_TRUE=''
am__include='include'
am__isrc=''
am__leading_dot='.'
am__quote=''
am__tar='${AMTAR} chof - "$$tardir"'
am__untar='${AMTAR} xf -'
bindir='${exec_prefix}/bin'
build_alias=''
datadir='${datarootdir}'
datarootdir='${prefix}/share'
docdir='${datarootdir}/doc/${PACKAGE_TARNAME}'
dvidir='${docdir}'
exec_prefix='${prefix}'
host_alias=''
htmldir='${docdir}'
includedir='${prefix}/include'
infodir='${datarootdir}/info'
install_sh='${SHELL} /home/adamrussell/Documents/Projects/darwin-ec/darwin/install-sh'
libdir='${exec_prefix}/lib'
libexecdir='${exec_prefix}/libexec'
localedir='${datarootdir}/locale'
localstatedir='${prefix}/var'
mandir='${datarootdir}/man'
mkdir_p='/bin/mkdir -p'
oldincludedir='/usr/include'
pdfdir='${docdir}'
prefix='/usr/local'
program_transform_name='s,x,x,'
psdir='${docdir}'
runstatedir='${localstatedir}/run'
sbindir='${exec_prefix}/sbin'
sharedstatedir='${prefix}/com'
sysconfdir='${prefix}/etc'
target_alias=''

## ----------- ##
## confdefs.h. ##
## ----------- ##

/* confdefs.h */
#define PACKAGE_NAME "darwin"
#define PACKAGE_TARNAME "darwin"
#define PACKAGE_VERSION "2.22"
#define PACKAGE_STRING "darwin 2.22"
#define PACKAGE_BUGREPORT "darwin@eckerd.edu"
#define PACKAGE_URL ""
#define PACKAGE "darwin"
#define VERSION "2.22"
#define STDC_HEADERS 1
#define HAVE_SYS_TYPES_H 1
#define HAVE_SYS_STAT_H 1
#define HAVE_STDLIB_H 1
#define HAVE_STRING_H 1
#define HAVE_MEMORY_H 1
#define HAVE_STRINGS_H 1
#define HAVE_INTTYPES_H 1
#define HAVE_STDINT_H 1
#define HAVE_UNISTD_H 1
#define HAVE_ALLOCA_H 1
#define HAVE_ALLOCA 1
#define STDC_HEADERS 1
#define HAVE_ARGZ_H 1
#define HAVE_FCNTL_H 1
#define HAVE_FLOAT_H 1
#define HAVE_INTTYPES_H 1
#define HAVE_LANGINFO_H 1
#define HAVE_LIBINTL_H 1
#define HAVE_LIMITS_H 1
#define HAVE_LOCALE_H 1
#define HAVE_MALLOC_H 1
#define HAVE_STDDEF_H 1
#define HAVE_STDINT_H 1
#define HAVE_STDIO_EXT_H 1
#define HAVE_STDLIB_H 1
#define HAVE_STRING_H 1
#define HAVE_STRINGS_H 1
#define HAVE_SYS_PARAM_H 1
#define HAVE_UNISTD_H 1
#define HAVE_WCHAR_H 1
#define HAVE_WCTYPE_H 1
#define HAVE__BOOL 1
#define HAVE_STDBOOL_H 1
#define TIME_WITH_SYS_TIME 1
#define HAVE_PTRDIFF_T 1
#define HAVE_STDLIB_H 1
#define HAVE_MALLOC 1
#define HAVE_STDLIB_H 1
#define HAVE_UNISTD_H 1
#define HAVE_SYS_PARAM_H 1
#define HAVE_GETPAGESIZE 1
#define HAVE_MMAP 1
#define HAVE_STDLIB_H 1
#define HAVE_REALLOC 1
#define LSTAT_FOLLOWS_SLASHED_SYMLINK 1
#define HAVE_VPRINTF 1
#define HAVE___ARGZ_COUNT 1
#define HAVE___ARGZ_NEXT 1
#define HAVE___ARGZ_STRINGIFY 1
#define HAVE_GETCWD 1
#define HAVE_MEMPCPY 1
#define HAVE_MEMSET 1
#define HAVE_MUNMAP 1
#define HAVE_NL_LANGINFO 1
#define HAVE_SETLOCALE 1
#define HAVE_STPCPY 1
#define HAVE_STRCASECMP 1
#define HAVE_STRCHR 1
#define HAVE_STRCSPN 1
#define HAVE_STRDUP 1
#define HAVE_STRRCHR 1
#define HAVE_STRSTR 1
#define HAVE_STRTOUL 1
#define PACKAGE_DATA_DIR "${datarootdir}/darwin"
#define PACKAGE_SOURCE_DIR "/home/adamrussell/Documents/Projects/darwin-ec/darwin"
#define CURRENT_DBVERSION 3
#define DATADIR ${datarootdir}
#define PREFIX NONE
#define AC_DEFAULT_PREFIX /usr/local

configure: exit 0
