104.06.08 22:37 B C:\DARWIN\usersguide.htg\img.gif --> eckserver /home/davinci/deburekr/DARWIN/WEBSITE/usersguide.htg img.gif
104.06.08 22:37 B C:\DARWIN\usersguide.htg\img1.gif --> eckserver /home/davinci/deburekr/DARWIN/WEBSITE/usersguide.htg img1.gif
104.06.08 22:37 B C:\DARWIN\usersguide.htg\img10.gif --> eckserver /home/davinci/deburekr/DARWIN/WEBSITE/usersguide.htg img10.gif
104.06.08 22:37 B C:\DARWIN\usersguide.htg\img11.gif --> eckserver /home/davinci/deburekr/DARWIN/WEBSITE/usersguide.htg img11.gif
104.06.08 22:37 B C:\DARWIN\usersguide.htg\img12.gif --> eckserver /home/davinci/deburekr/DARWIN/WEBSITE/usersguide.htg img12.gif
104.06.08 22:37 B C:\DARWIN\usersguide.htg\img13.gif --> eckserver /home/davinci/deburekr/DARWIN/WEBSITE/usersguide.htg img13.gif
104.06.08 22:37 B C:\DARWIN\usersguide.htg\img14.gif --> eckserver /home/davinci/deburekr/DARWIN/WEBSITE/usersguide.htg img14.gif
104.06.08 22:37 B C:\DARWIN\usersguide.htg\img15.gif --> eckserver /home/davinci/deburekr/DARWIN/WEBSITE/usersguide.htg img15.gif
104.06.08 22:37 B C:\DARWIN\usersguide.htg\img16.gif --> eckserver /home/davinci/deburekr/DARWIN/WEBSITE/usersguide.htg img16.gif
104.06.08 22:37 B C:\DARWIN\usersguide.htg\img17.gif --> eckserver /home/davinci/deburekr/DARWIN/WEBSITE/usersguide.htg img17.gif
104.06.08 22:37 B C:\DARWIN\usersguide.htg\img18.gif --> eckserver /home/davinci/deburekr/DARWIN/WEBSITE/usersguide.htg img18.gif
104.06.08 22:37 B C:\DARWIN\usersguide.htg\img19.gif --> eckserver /home/davinci/deburekr/DARWIN/WEBSITE/usersguide.htg img19.gif
104.06.08 22:37 B C:\DARWIN\usersguide.htg\img2.gif --> eckserver /home/davinci/deburekr/DARWIN/WEBSITE/usersguide.htg img2.gif
104.06.08 22:37 B C:\DARWIN\usersguide.htg\img20.gif --> eckserver /home/davinci/deburekr/DARWIN/WEBSITE/usersguide.htg img20.gif
104.06.08 22:37 B C:\DARWIN\usersguide.htg\img21.gif --> eckserver /home/davinci/deburekr/DARWIN/WEBSITE/usersguide.htg img21.gif
104.06.08 22:37 B C:\DARWIN\usersguide.htg\img22.gif --> eckserver /home/davinci/deburekr/DARWIN/WEBSITE/usersguide.htg img22.gif
104.06.08 22:37 B C:\DARWIN\usersguide.htg\img23.gif --> eckserver /home/davinci/deburekr/DARWIN/WEBSITE/usersguide.htg img23.gif
104.06.08 22:37 B C:\DARWIN\usersguide.htg\img24.gif --> eckserver /home/davinci/deburekr/DARWIN/WEBSITE/usersguide.htg img24.gif
104.06.08 22:37 B C:\DARWIN\usersguide.htg\img25.gif --> eckserver /home/davinci/deburekr/DARWIN/WEBSITE/usersguide.htg img25.gif
104.06.08 22:37 B C:\DARWIN\usersguide.htg\img26.gif --> eckserver /home/davinci/deburekr/DARWIN/WEBSITE/usersguide.htg img26.gif
104.06.08 22:37 B C:\DARWIN\usersguide.htg\img27.gif --> eckserver /home/davinci/deburekr/DARWIN/WEBSITE/usersguide.htg img27.gif
104.06.08 22:37 B C:\DARWIN\usersguide.htg\img28.gif --> eckserver /home/davinci/deburekr/DARWIN/WEBSITE/usersguide.htg img28.gif
104.06.08 22:37 B C:\DARWIN\usersguide.htg\img29.gif --> eckserver /home/davinci/deburekr/DARWIN/WEBSITE/usersguide.htg img29.gif
104.06.08 22:37 B C:\DARWIN\usersguide.htg\img3.gif --> eckserver /home/davinci/deburekr/DARWIN/WEBSITE/usersguide.htg img3.gif
104.06.08 22:37 B C:\DARWIN\usersguide.htg\img30.gif --> eckserver /home/davinci/deburekr/DARWIN/WEBSITE/usersguide.htg img30.gif
104.06.08 22:37 B C:\DARWIN\usersguide.htg\img31.gif --> eckserver /home/davinci/deburekr/DARWIN/WEBSITE/usersguide.htg img31.gif
104.06.08 22:37 B C:\DARWIN\usersguide.htg\img32.gif --> eckserver /home/davinci/deburekr/DARWIN/WEBSITE/usersguide.htg img32.gif
104.06.08 22:37 B C:\DARWIN\usersguide.htg\img33.gif --> eckserver /home/davinci/deburekr/DARWIN/WEBSITE/usersguide.htg img33.gif
104.06.08 22:37 B C:\DARWIN\usersguide.htg\img34.gif --> eckserver /home/davinci/deburekr/DARWIN/WEBSITE/usersguide.htg img34.gif
104.06.08 22:37 B C:\DARWIN\usersguide.htg\img35.gif --> eckserver /home/davinci/deburekr/DARWIN/WEBSITE/usersguide.htg img35.gif
104.06.08 22:37 B C:\DARWIN\usersguide.htg\img36.gif --> eckserver /home/davinci/deburekr/DARWIN/WEBSITE/usersguide.htg img36.gif
104.06.08 22:37 B C:\DARWIN\usersguide.htg\img37.gif --> eckserver /home/davinci/deburekr/DARWIN/WEBSITE/usersguide.htg img37.gif
104.06.08 22:37 B C:\DARWIN\usersguide.htg\img38.gif --> eckserver /home/davinci/deburekr/DARWIN/WEBSITE/usersguide.htg img38.gif
104.06.08 22:37 B C:\DARWIN\usersguide.htg\img4.gif --> eckserver /home/davinci/deburekr/DARWIN/WEBSITE/usersguide.htg img4.gif
104.06.08 22:37 B C:\DARWIN\usersguide.htg\img5.gif --> eckserver /home/davinci/deburekr/DARWIN/WEBSITE/usersguide.htg img5.gif
104.06.08 22:37 B C:\DARWIN\usersguide.htg\img6.gif --> eckserver /home/davinci/deburekr/DARWIN/WEBSITE/usersguide.htg img6.gif
104.06.08 22:37 B C:\DARWIN\usersguide.htg\img7.gif --> eckserver /home/davinci/deburekr/DARWIN/WEBSITE/usersguide.htg img7.gif
104.06.08 22:37 B C:\DARWIN\usersguide.htg\img8.gif --> eckserver /home/davinci/deburekr/DARWIN/WEBSITE/usersguide.htg img8.gif
104.06.08 22:37 B C:\DARWIN\usersguide.htg\img9.gif --> eckserver /home/davinci/deburekr/DARWIN/WEBSITE/usersguide.htg img9.gif
105.09.17 11:53 B C:\DARWIN\usersguide.htg\img.gif --> eckserver /home/davinci/deburekr/PCCONTENTS/DARWIN/usersguide.htg img.gif
105.09.17 11:53 B C:\DARWIN\usersguide.htg\img1.gif --> eckserver /home/davinci/deburekr/PCCONTENTS/DARWIN/usersguide.htg img1.gif
105.09.17 11:53 B C:\DARWIN\usersguide.htg\img10.gif --> eckserver /home/davinci/deburekr/PCCONTENTS/DARWIN/usersguide.htg img10.gif
105.09.17 11:53 B C:\DARWIN\usersguide.htg\img11.gif --> eckserver /home/davinci/deburekr/PCCONTENTS/DARWIN/usersguide.htg img11.gif
105.09.17 11:53 B C:\DARWIN\usersguide.htg\img12.gif --> eckserver /home/davinci/deburekr/PCCONTENTS/DARWIN/usersguide.htg img12.gif
105.09.17 11:53 B C:\DARWIN\usersguide.htg\img13.gif --> eckserver /home/davinci/deburekr/PCCONTENTS/DARWIN/usersguide.htg img13.gif
105.09.17 11:53 B C:\DARWIN\usersguide.htg\img14.gif --> eckserver /home/davinci/deburekr/PCCONTENTS/DARWIN/usersguide.htg img14.gif
105.09.17 11:53 B C:\DARWIN\usersguide.htg\img15.gif --> eckserver /home/davinci/deburekr/PCCONTENTS/DARWIN/usersguide.htg img15.gif
105.09.17 11:53 B C:\DARWIN\usersguide.htg\img16.gif --> eckserver /home/davinci/deburekr/PCCONTENTS/DARWIN/usersguide.htg img16.gif
105.09.17 11:53 B C:\DARWIN\usersguide.htg\img17.gif --> eckserver /home/davinci/deburekr/PCCONTENTS/DARWIN/usersguide.htg img17.gif
105.09.17 11:53 B C:\DARWIN\usersguide.htg\img18.gif --> eckserver /home/davinci/deburekr/PCCONTENTS/DARWIN/usersguide.htg img18.gif
105.09.17 11:53 B C:\DARWIN\usersguide.htg\img19.gif --> eckserver /home/davinci/deburekr/PCCONTENTS/DARWIN/usersguide.htg img19.gif
105.09.17 11:53 B C:\DARWIN\usersguide.htg\img2.gif --> eckserver /home/davinci/deburekr/PCCONTENTS/DARWIN/usersguide.htg img2.gif
105.09.17 11:53 B C:\DARWIN\usersguide.htg\img20.gif --> eckserver /home/davinci/deburekr/PCCONTENTS/DARWIN/usersguide.htg img20.gif
105.09.17 11:53 B C:\DARWIN\usersguide.htg\img21.gif --> eckserver /home/davinci/deburekr/PCCONTENTS/DARWIN/usersguide.htg img21.gif
105.09.17 11:53 B C:\DARWIN\usersguide.htg\img22.gif --> eckserver /home/davinci/deburekr/PCCONTENTS/DARWIN/usersguide.htg img22.gif
105.09.17 11:53 B C:\DARWIN\usersguide.htg\img23.gif --> eckserver /home/davinci/deburekr/PCCONTENTS/DARWIN/usersguide.htg img23.gif
105.09.17 11:53 B C:\DARWIN\usersguide.htg\img24.gif --> eckserver /home/davinci/deburekr/PCCONTENTS/DARWIN/usersguide.htg img24.gif
105.09.17 11:53 B C:\DARWIN\usersguide.htg\img25.gif --> eckserver /home/davinci/deburekr/PCCONTENTS/DARWIN/usersguide.htg img25.gif
105.09.17 11:53 B C:\DARWIN\usersguide.htg\img26.gif --> eckserver /home/davinci/deburekr/PCCONTENTS/DARWIN/usersguide.htg img26.gif
105.09.17 11:53 B C:\DARWIN\usersguide.htg\img27.gif --> eckserver /home/davinci/deburekr/PCCONTENTS/DARWIN/usersguide.htg img27.gif
105.09.17 11:53 B C:\DARWIN\usersguide.htg\img28.gif --> eckserver /home/davinci/deburekr/PCCONTENTS/DARWIN/usersguide.htg img28.gif
105.09.17 11:53 B C:\DARWIN\usersguide.htg\img29.gif --> eckserver /home/davinci/deburekr/PCCONTENTS/DARWIN/usersguide.htg img29.gif
105.09.17 11:53 B C:\DARWIN\usersguide.htg\img3.gif --> eckserver /home/davinci/deburekr/PCCONTENTS/DARWIN/usersguide.htg img3.gif
105.09.17 11:53 B C:\DARWIN\usersguide.htg\img30.gif --> eckserver /home/davinci/deburekr/PCCONTENTS/DARWIN/usersguide.htg img30.gif
105.09.17 11:53 B C:\DARWIN\usersguide.htg\img31.gif --> eckserver /home/davinci/deburekr/PCCONTENTS/DARWIN/usersguide.htg img31.gif
105.09.17 11:53 B C:\DARWIN\usersguide.htg\img32.gif --> eckserver /home/davinci/deburekr/PCCONTENTS/DARWIN/usersguide.htg img32.gif
105.09.17 11:53 B C:\DARWIN\usersguide.htg\img33.gif --> eckserver /home/davinci/deburekr/PCCONTENTS/DARWIN/usersguide.htg img33.gif
105.09.17 11:53 B C:\DARWIN\usersguide.htg\img34.gif --> eckserver /home/davinci/deburekr/PCCONTENTS/DARWIN/usersguide.htg img34.gif
105.09.17 11:53 B C:\DARWIN\usersguide.htg\img35.gif --> eckserver /home/davinci/deburekr/PCCONTENTS/DARWIN/usersguide.htg img35.gif
105.09.17 11:53 B C:\DARWIN\usersguide.htg\img36.gif --> eckserver /home/davinci/deburekr/PCCONTENTS/DARWIN/usersguide.htg img36.gif
105.09.17 11:53 B C:\DARWIN\usersguide.htg\img37.gif --> eckserver /home/davinci/deburekr/PCCONTENTS/DARWIN/usersguide.htg img37.gif
105.09.17 11:53 B C:\DARWIN\usersguide.htg\img38.gif --> eckserver /home/davinci/deburekr/PCCONTENTS/DARWIN/usersguide.htg img38.gif
105.09.17 11:53 B C:\DARWIN\usersguide.htg\img4.gif --> eckserver /home/davinci/deburekr/PCCONTENTS/DARWIN/usersguide.htg img4.gif
105.09.17 11:53 B C:\DARWIN\usersguide.htg\img5.gif --> eckserver /home/davinci/deburekr/PCCONTENTS/DARWIN/usersguide.htg img5.gif
105.09.17 11:53 B C:\DARWIN\usersguide.htg\img6.gif --> eckserver /home/davinci/deburekr/PCCONTENTS/DARWIN/usersguide.htg img6.gif
105.09.17 11:53 B C:\DARWIN\usersguide.htg\img7.gif --> eckserver /home/davinci/deburekr/PCCONTENTS/DARWIN/usersguide.htg img7.gif
105.09.17 11:53 B C:\DARWIN\usersguide.htg\img8.gif --> eckserver /home/davinci/deburekr/PCCONTENTS/DARWIN/usersguide.htg img8.gif
105.09.17 11:53 B C:\DARWIN\usersguide.htg\img9.gif --> eckserver /home/davinci/deburekr/PCCONTENTS/DARWIN/usersguide.htg img9.gif
105.12.03 09:17 B C:\Documents and Settings\deburekr\My Documents\DARWIN\usersguide\usersguide.htg\WS_FTP.LOG <-- Eckserver /home/davinci/deburekr/public_html/darwin/usersguide.htg WS_FTP.LOG
