This file contains any messages produced by compilers while
running configure, to aid debugging if configure makes a mistake.

It was created by darwin configure 2.22, which was
generated by GNU Autoconf 2.68.  Invocation command line was

  $ ./configure CXXFLAGS=-arch i386 -ffriend-injection CC=/usr/bin/gcc-4.2 CFLAGS=-arch x86_64 -mmacosx-version-min=10.6 LDFLAGS=-L/Users/johnstewman/gtk/inst/lib -L/Users/johnstewman/gtk/inst/lib -arch x86_64 -mmacosx-version-min=10.6 -Wl,-headerpad_max_install_names CPPFLAGS=-I/Users/johnstewman/gtk/inst/include CXX=/usr/bin/g++-4.2 --no-create --no-recursion

## --------- ##
## Platform. ##
## --------- ##

hostname = dhcp-10-40-5-184.dhcp.nd.edu
uname -m = i386
uname -r = 10.8.0
uname -s = Darwin
uname -v = Darwin Kernel Version 10.8.0: Tue Jun  7 16:33:36 PDT 2011; root:xnu-1504.15.3~1/RELEASE_I386

/usr/bin/uname -p = i386
/bin/uname -X     = unknown

/bin/arch              = unknown
/usr/bin/arch -k       = unknown
/usr/convex/getsysinfo = unknown
/usr/bin/hostinfo      = Mach kernel version:
	 Darwin Kernel Version 10.8.0: Tue Jun  7 16:33:36 PDT 2011; root:xnu-1504.15.3~1/RELEASE_I386
Kernel configured for up to 4 processors.
2 processors are physically available.
4 processors are logically available.
Processor type: i486 (Intel 80486)
Processors active: 0 1 2 3
Primary memory available: 4.00 gigabytes
Default processor set: 77 tasks, 360 threads, 4 processors
Load average: 0.52, Mach factor: 3.47
/bin/machine           = unknown
/usr/bin/oslevel       = unknown
/bin/universe          = unknown

PATH: /Users/johnstewman/gtk/inst/bin
PATH: /usr/bin
PATH: /bin
PATH: /usr/sbin
PATH: /sbin
PATH: /usr/local/bin
PATH: /usr/local/git/bin
PATH: /usr/X11/bin
PATH: /Users/johnstewman/.local/bin
PATH: /Users/johnstewman/.local/bin


## ----------- ##
## Core tests. ##
## ----------- ##

configure:2273: checking for a BSD-compatible install
configure:2341: result: /Users/johnstewman/.local/bin/install-check
configure:2352: checking whether build environment is sane
configure:2402: result: yes
configure:2430: WARNING: `missing' script is too old or missing
configure:2543: checking for a thread-safe mkdir -p
configure:2582: result: ./install-sh -c -d
configure:2595: checking for gawk
configure:2625: result: no
configure:2595: checking for mawk
configure:2625: result: no
configure:2595: checking for nawk
configure:2625: result: no
configure:2595: checking for awk
configure:2611: found /usr/bin/awk
configure:2622: result: awk
configure:2633: checking whether make sets $(MAKE)
configure:2655: result: yes
configure:2789: checking for gcc
configure:2816: result: /usr/bin/gcc-4.2
configure:3045: checking for C compiler version
configure:3054: /usr/bin/gcc-4.2 --version >&5
i686-apple-darwin10-gcc-4.2.1 (GCC) 4.2.1 (Apple Inc. build 5664)
Copyright (C) 2007 Free Software Foundation, Inc.
This is free software; see the source for copying conditions.  There is NO
warranty; not even for MERCHANTABILITY or FITNESS FOR A PARTICULAR PURPOSE.

configure:3065: $? = 0
configure:3054: /usr/bin/gcc-4.2 -v >&5
Using built-in specs.
Target: i686-apple-darwin10
Configured with: /var/tmp/gcc/gcc-5664~89/src/configure --disable-checking --enable-werror --prefix=/usr --mandir=/share/man --enable-languages=c,objc,c++,obj-c++ --program-transform-name=/^[cg][^.-]*$/s/$/-4.2/ --with-slibdir=/usr/lib --build=i686-apple-darwin10 --program-prefix=i686-apple-darwin10- --host=x86_64-apple-darwin10 --target=i686-apple-darwin10 --with-gxx-include-dir=/include/c++/4.2.1
Thread model: posix
gcc version 4.2.1 (Apple Inc. build 5664)
configure:3065: $? = 0
configure:3054: /usr/bin/gcc-4.2 -V >&5
gcc-4.2: argument to `-V' is missing
configure:3065: $? = 1
configure:3054: /usr/bin/gcc-4.2 -qversion >&5
i686-apple-darwin10-gcc-4.2.1: no input files
configure:3065: $? = 1
configure:3085: checking whether the C compiler works
configure:3107: /usr/bin/gcc-4.2 -arch x86_64 -mmacosx-version-min=10.6 -I/Users/johnstewman/gtk/inst/include -L/Users/johnstewman/gtk/inst/lib -L/Users/johnstewman/gtk/inst/lib -arch x86_64 -mmacosx-version-min=10.6 -Wl,-headerpad_max_install_names conftest.c  >&5
configure:3111: $? = 0
configure:3159: result: yes
configure:3162: checking for C compiler default output file name
configure:3164: result: a.out
configure:3170: checking for suffix of executables
configure:3177: /usr/bin/gcc-4.2 -o conftest -arch x86_64 -mmacosx-version-min=10.6 -I/Users/johnstewman/gtk/inst/include -L/Users/johnstewman/gtk/inst/lib -L/Users/johnstewman/gtk/inst/lib -arch x86_64 -mmacosx-version-min=10.6 -Wl,-headerpad_max_install_names conftest.c  >&5
configure:3181: $? = 0
configure:3203: result: 
configure:3225: checking whether we are cross compiling
configure:3233: /usr/bin/gcc-4.2 -o conftest -arch x86_64 -mmacosx-version-min=10.6 -I/Users/johnstewman/gtk/inst/include -L/Users/johnstewman/gtk/inst/lib -L/Users/johnstewman/gtk/inst/lib -arch x86_64 -mmacosx-version-min=10.6 -Wl,-headerpad_max_install_names conftest.c  >&5
configure:3237: $? = 0
configure:3244: ./conftest
./configure: line 3246: ./conftest: Permission denied
configure:3248: $? = 126
configure:3255: error: in `/Users/johnstewman/Documents/Parallels/Windows 7.pvm/Windows Disks/C/Documents and Settings/Administrator/My Documents/darwinDev/darwinWin32/darwin':
configure:3257: error: cannot run C compiled programs.
If you meant to cross compile, use `--host'.
See `config.log' for more details

## ---------------- ##
## Cache variables. ##
## ---------------- ##

ac_cv_env_CCC_set=
ac_cv_env_CCC_value=
ac_cv_env_CC_set=set
ac_cv_env_CC_value=/usr/bin/gcc-4.2
ac_cv_env_CFLAGS_set=set
ac_cv_env_CFLAGS_value='-arch x86_64 -mmacosx-version-min=10.6'
ac_cv_env_CPPFLAGS_set=set
ac_cv_env_CPPFLAGS_value=-I/Users/johnstewman/gtk/inst/include
ac_cv_env_CPP_set=
ac_cv_env_CPP_value=
ac_cv_env_CXXFLAGS_set=set
ac_cv_env_CXXFLAGS_value='-arch i386 -ffriend-injection'
ac_cv_env_CXX_set=set
ac_cv_env_CXX_value=/usr/bin/g++-4.2
ac_cv_env_LDFLAGS_set=set
ac_cv_env_LDFLAGS_value='-L/Users/johnstewman/gtk/inst/lib -L/Users/johnstewman/gtk/inst/lib -arch x86_64 -mmacosx-version-min=10.6 -Wl,-headerpad_max_install_names'
ac_cv_env_LIBS_set=
ac_cv_env_LIBS_value=
ac_cv_env_build_alias_set=
ac_cv_env_build_alias_value=
ac_cv_env_host_alias_set=
ac_cv_env_host_alias_value=
ac_cv_env_target_alias_set=
ac_cv_env_target_alias_value=
ac_cv_prog_AWK=awk
ac_cv_prog_ac_ct_CC=/usr/bin/gcc-4.2
ac_cv_prog_make_make_set=yes

## ----------------- ##
## Output variables. ##
## ----------------- ##

ACLOCAL='aclocal-1.11'
ALLOCA=''
AMDEPBACKSLASH=''
AMDEP_FALSE=''
AMDEP_TRUE=''
AMTAR='tar'
AUTOCONF='autoconf'
AUTOHEADER='autoheader'
AUTOMAKE='automake-1.11'
AWK='awk'
CC='/usr/bin/gcc-4.2'
CCDEPMODE=''
CFLAGS='-arch x86_64 -mmacosx-version-min=10.6'
CPP=''
CPPFLAGS='-I/Users/johnstewman/gtk/inst/include'
CXX='/usr/bin/g++-4.2'
CXXDEPMODE=''
CXXFLAGS='-arch i386 -ffriend-injection'
CYGPATH_W='echo'
DEFS=''
DEPDIR=''
ECHO_C='\c'
ECHO_N=''
ECHO_T=''
EGREP=''
EXEEXT=''
GREP=''
GTK_CFLAGS=''
GTK_LIBS=''
INSTALL_DATA='${INSTALL} -m 644'
INSTALL_PROGRAM='${INSTALL}'
INSTALL_SCRIPT='${INSTALL}'
INSTALL_STRIP_PROGRAM='$(install_sh) -c -s'
LDFLAGS='-L/Users/johnstewman/gtk/inst/lib -L/Users/johnstewman/gtk/inst/lib -arch x86_64 -mmacosx-version-min=10.6 -Wl,-headerpad_max_install_names'
LIBOBJS=''
LIBS=''
LTLIBOBJS=''
MAKEINFO='makeinfo'
MKDIR_P='./install-sh -c -d'
OBJEXT=''
PACKAGE='darwin'
PACKAGE_BUGREPORT='darwin@eckerd.edu'
PACKAGE_NAME='darwin'
PACKAGE_STRING='darwin 2.22'
PACKAGE_TARNAME='darwin'
PACKAGE_URL=''
PACKAGE_VERSION='2.22'
PATH_SEPARATOR=':'
PKG_CONFIG=''
RANLIB=''
SET_MAKE=''
SHELL='/bin/sh'
STRIP=''
VERSION='2.22'
ac_ct_CC='/usr/bin/gcc-4.2'
ac_ct_CXX=''
am__EXEEXT_FALSE=''
am__EXEEXT_TRUE=''
am__fastdepCC_FALSE=''
am__fastdepCC_TRUE=''
am__fastdepCXX_FALSE=''
am__fastdepCXX_TRUE=''
am__include=''
am__isrc=''
am__leading_dot='.'
am__quote=''
am__tar='${AMTAR} chof - "$$tardir"'
am__untar='${AMTAR} xf -'
bindir='${exec_prefix}/bin'
build_alias=''
datadir='${datarootdir}'
datarootdir='${prefix}/share'
docdir='${datarootdir}/doc/${PACKAGE_TARNAME}'
dvidir='${docdir}'
exec_prefix='NONE'
host_alias=''
htmldir='${docdir}'
includedir='${prefix}/include'
infodir='${datarootdir}/info'
install_sh='${SHELL} '\''/Users/johnstewman/Documents/Parallels/Windows 7.pvm/Windows Disks/C/Documents and Settings/Administrator/My Documents/darwinDev/darwinWin32/darwin/install-sh'\'''
libdir='${exec_prefix}/lib'
libexecdir='${exec_prefix}/libexec'
localedir='${datarootdir}/locale'
localstatedir='${prefix}/var'
mandir='${datarootdir}/man'
mkdir_p='$(top_builddir)/./install-sh -c -d'
oldincludedir='/usr/include'
pdfdir='${docdir}'
prefix='NONE'
program_transform_name='s,x,x,'
psdir='${docdir}'
sbindir='${exec_prefix}/sbin'
sharedstatedir='${prefix}/com'
sysconfdir='${prefix}/etc'
target_alias=''

## ----------- ##
## confdefs.h. ##
## ----------- ##

/* confdefs.h */
#define PACKAGE_NAME "darwin"
#define PACKAGE_TARNAME "darwin"
#define PACKAGE_VERSION "2.22"
#define PACKAGE_STRING "darwin 2.22"
#define PACKAGE_BUGREPORT "darwin@eckerd.edu"
#define PACKAGE_URL ""
#define PACKAGE "darwin"
#define VERSION "2.22"

configure: exit 1
