105.08.12 10:43 B e:\darwin\dwnjpeg\src\jpeg\.notes.swp <-- Eckserver /home/davinci/deburekr/public_html/DEAN/dwnjpeg/src/jpeg .notes.swp
105.08.12 10:43 B e:\darwin\dwnjpeg\src\jpeg\ansi2knr.1 <-- Eckserver /home/davinci/deburekr/public_html/DEAN/dwnjpeg/src/jpeg ansi2knr.1
105.08.12 10:43 B e:\darwin\dwnjpeg\src\jpeg\ansi2knr.c <-- Eckserver /home/davinci/deburekr/public_html/DEAN/dwnjpeg/src/jpeg ansi2knr.c
105.08.12 10:43 B e:\darwin\dwnjpeg\src\jpeg\cderror.h <-- Eckserver /home/davinci/deburekr/public_html/DEAN/dwnjpeg/src/jpeg cderror.h
105.08.12 10:43 B e:\darwin\dwnjpeg\src\jpeg\cdjpeg.c <-- Eckserver /home/davinci/deburekr/public_html/DEAN/dwnjpeg/src/jpeg cdjpeg.c
105.08.12 10:43 B e:\darwin\dwnjpeg\src\jpeg\cdjpeg.h <-- Eckserver /home/davinci/deburekr/public_html/DEAN/dwnjpeg/src/jpeg cdjpeg.h
105.08.12 10:43 B e:\darwin\dwnjpeg\src\jpeg\change.log <-- Eckserver /home/davinci/deburekr/public_html/DEAN/dwnjpeg/src/jpeg change.log
105.08.12 10:43 B e:\darwin\dwnjpeg\src\jpeg\cjpeg <-- Eckserver /home/davinci/deburekr/public_html/DEAN/dwnjpeg/src/jpeg cjpeg
105.08.12 10:43 B e:\darwin\dwnjpeg\src\jpeg\cjpeg.1 <-- Eckserver /home/davinci/deburekr/public_html/DEAN/dwnjpeg/src/jpeg cjpeg.1
105.08.12 10:43 B e:\darwin\dwnjpeg\src\jpeg\cjpeg.c <-- Eckserver /home/davinci/deburekr/public_html/DEAN/dwnjpeg/src/jpeg cjpeg.c
105.08.12 10:43 B e:\darwin\dwnjpeg\src\jpeg\ckconfig.c <-- Eckserver /home/davinci/deburekr/public_html/DEAN/dwnjpeg/src/jpeg ckconfig.c
105.08.12 10:43 B e:\darwin\dwnjpeg\src\jpeg\coderules.doc <-- Eckserver /home/davinci/deburekr/public_html/DEAN/dwnjpeg/src/jpeg coderules.doc
105.08.12 10:43 B e:\darwin\dwnjpeg\src\jpeg\config.guess <-- Eckserver /home/davinci/deburekr/public_html/DEAN/dwnjpeg/src/jpeg config.guess
105.08.12 10:43 B e:\darwin\dwnjpeg\src\jpeg\config.log <-- Eckserver /home/davinci/deburekr/public_html/DEAN/dwnjpeg/src/jpeg config.log
105.08.12 10:43 B e:\darwin\dwnjpeg\src\jpeg\config.status <-- Eckserver /home/davinci/deburekr/public_html/DEAN/dwnjpeg/src/jpeg config.status
105.08.12 10:43 B e:\darwin\dwnjpeg\src\jpeg\config.sub <-- Eckserver /home/davinci/deburekr/public_html/DEAN/dwnjpeg/src/jpeg config.sub
105.08.12 10:43 B e:\darwin\dwnjpeg\src\jpeg\configure <-- Eckserver /home/davinci/deburekr/public_html/DEAN/dwnjpeg/src/jpeg configure
105.08.12 10:43 B e:\darwin\dwnjpeg\src\jpeg\djpeg <-- Eckserver /home/davinci/deburekr/public_html/DEAN/dwnjpeg/src/jpeg djpeg
105.08.12 10:43 B e:\darwin\dwnjpeg\src\jpeg\djpeg.1 <-- Eckserver /home/davinci/deburekr/public_html/DEAN/dwnjpeg/src/jpeg djpeg.1
105.08.12 10:43 B e:\darwin\dwnjpeg\src\jpeg\djpeg.c <-- Eckserver /home/davinci/deburekr/public_html/DEAN/dwnjpeg/src/jpeg djpeg.c
105.08.12 10:43 B e:\darwin\dwnjpeg\src\jpeg\example.c <-- Eckserver /home/davinci/deburekr/public_html/DEAN/dwnjpeg/src/jpeg example.c
105.08.12 10:43 B e:\darwin\dwnjpeg\src\jpeg\filelist.doc <-- Eckserver /home/davinci/deburekr/public_html/DEAN/dwnjpeg/src/jpeg filelist.doc
105.08.12 10:43 B e:\darwin\dwnjpeg\src\jpeg\install-sh <-- Eckserver /home/davinci/deburekr/public_html/DEAN/dwnjpeg/src/jpeg install-sh
105.08.12 10:43 B e:\darwin\dwnjpeg\src\jpeg\install.doc <-- Eckserver /home/davinci/deburekr/public_html/DEAN/dwnjpeg/src/jpeg install.doc
105.08.12 10:43 B e:\darwin\dwnjpeg\src\jpeg\jcapimin.c <-- Eckserver /home/davinci/deburekr/public_html/DEAN/dwnjpeg/src/jpeg jcapimin.c
105.08.12 10:43 B e:\darwin\dwnjpeg\src\jpeg\jcapistd.c <-- Eckserver /home/davinci/deburekr/public_html/DEAN/dwnjpeg/src/jpeg jcapistd.c
105.08.12 10:43 B e:\darwin\dwnjpeg\src\jpeg\jccoefct.c <-- Eckserver /home/davinci/deburekr/public_html/DEAN/dwnjpeg/src/jpeg jccoefct.c
105.08.12 10:43 B e:\darwin\dwnjpeg\src\jpeg\jccolor.c <-- Eckserver /home/davinci/deburekr/public_html/DEAN/dwnjpeg/src/jpeg jccolor.c
105.08.12 10:43 B e:\darwin\dwnjpeg\src\jpeg\jcdctmgr.c <-- Eckserver /home/davinci/deburekr/public_html/DEAN/dwnjpeg/src/jpeg jcdctmgr.c
105.08.12 10:43 B e:\darwin\dwnjpeg\src\jpeg\jchuff.c <-- Eckserver /home/davinci/deburekr/public_html/DEAN/dwnjpeg/src/jpeg jchuff.c
105.08.12 10:43 B e:\darwin\dwnjpeg\src\jpeg\jchuff.h <-- Eckserver /home/davinci/deburekr/public_html/DEAN/dwnjpeg/src/jpeg jchuff.h
105.08.12 10:43 B e:\darwin\dwnjpeg\src\jpeg\jcinit.c <-- Eckserver /home/davinci/deburekr/public_html/DEAN/dwnjpeg/src/jpeg jcinit.c
105.08.12 10:43 B e:\darwin\dwnjpeg\src\jpeg\jcmainct.c <-- Eckserver /home/davinci/deburekr/public_html/DEAN/dwnjpeg/src/jpeg jcmainct.c
105.08.12 10:43 B e:\darwin\dwnjpeg\src\jpeg\jcmarker.c <-- Eckserver /home/davinci/deburekr/public_html/DEAN/dwnjpeg/src/jpeg jcmarker.c
105.08.12 10:43 B e:\darwin\dwnjpeg\src\jpeg\jcmaster.c <-- Eckserver /home/davinci/deburekr/public_html/DEAN/dwnjpeg/src/jpeg jcmaster.c
105.08.12 10:43 B e:\darwin\dwnjpeg\src\jpeg\jcomapi.c <-- Eckserver /home/davinci/deburekr/public_html/DEAN/dwnjpeg/src/jpeg jcomapi.c
105.08.12 10:43 B e:\darwin\dwnjpeg\src\jpeg\jconfig.doc <-- Eckserver /home/davinci/deburekr/public_html/DEAN/dwnjpeg/src/jpeg jconfig.doc
105.08.12 10:43 B e:\darwin\dwnjpeg\src\jpeg\jconfig.h <-- Eckserver /home/davinci/deburekr/public_html/DEAN/dwnjpeg/src/jpeg jconfig.h
105.08.12 10:43 B e:\darwin\dwnjpeg\src\jpeg\jconfig.vc <-- Eckserver /home/davinci/deburekr/public_html/DEAN/dwnjpeg/src/jpeg jconfig.vc
105.08.12 10:43 B e:\darwin\dwnjpeg\src\jpeg\jcparam.c <-- Eckserver /home/davinci/deburekr/public_html/DEAN/dwnjpeg/src/jpeg jcparam.c
105.08.12 10:43 B e:\darwin\dwnjpeg\src\jpeg\jcphuff.c <-- Eckserver /home/davinci/deburekr/public_html/DEAN/dwnjpeg/src/jpeg jcphuff.c
105.08.12 10:43 B e:\darwin\dwnjpeg\src\jpeg\jcprepct.c <-- Eckserver /home/davinci/deburekr/public_html/DEAN/dwnjpeg/src/jpeg jcprepct.c
105.08.12 10:43 B e:\darwin\dwnjpeg\src\jpeg\jcsample.c <-- Eckserver /home/davinci/deburekr/public_html/DEAN/dwnjpeg/src/jpeg jcsample.c
105.08.12 10:43 B e:\darwin\dwnjpeg\src\jpeg\jctrans.c <-- Eckserver /home/davinci/deburekr/public_html/DEAN/dwnjpeg/src/jpeg jctrans.c
105.08.12 10:43 B e:\darwin\dwnjpeg\src\jpeg\jdapimin.c <-- Eckserver /home/davinci/deburekr/public_html/DEAN/dwnjpeg/src/jpeg jdapimin.c
105.08.12 10:43 B e:\darwin\dwnjpeg\src\jpeg\jdapistd.c <-- Eckserver /home/davinci/deburekr/public_html/DEAN/dwnjpeg/src/jpeg jdapistd.c
105.08.12 10:43 B e:\darwin\dwnjpeg\src\jpeg\jdatadst.c <-- Eckserver /home/davinci/deburekr/public_html/DEAN/dwnjpeg/src/jpeg jdatadst.c
105.08.12 10:43 B e:\darwin\dwnjpeg\src\jpeg\jdatasrc.c <-- Eckserver /home/davinci/deburekr/public_html/DEAN/dwnjpeg/src/jpeg jdatasrc.c
105.08.12 10:43 B e:\darwin\dwnjpeg\src\jpeg\jdcoefct.c <-- Eckserver /home/davinci/deburekr/public_html/DEAN/dwnjpeg/src/jpeg jdcoefct.c
105.08.12 10:43 B e:\darwin\dwnjpeg\src\jpeg\jdcolor.c <-- Eckserver /home/davinci/deburekr/public_html/DEAN/dwnjpeg/src/jpeg jdcolor.c
105.08.12 10:43 B e:\darwin\dwnjpeg\src\jpeg\jdct.h <-- Eckserver /home/davinci/deburekr/public_html/DEAN/dwnjpeg/src/jpeg jdct.h
105.08.12 10:43 B e:\darwin\dwnjpeg\src\jpeg\jddctmgr.c <-- Eckserver /home/davinci/deburekr/public_html/DEAN/dwnjpeg/src/jpeg jddctmgr.c
105.08.12 10:43 B e:\darwin\dwnjpeg\src\jpeg\jdhuff.c <-- Eckserver /home/davinci/deburekr/public_html/DEAN/dwnjpeg/src/jpeg jdhuff.c
105.08.12 10:43 B e:\darwin\dwnjpeg\src\jpeg\jdhuff.h <-- Eckserver /home/davinci/deburekr/public_html/DEAN/dwnjpeg/src/jpeg jdhuff.h
105.08.12 10:43 B e:\darwin\dwnjpeg\src\jpeg\jdinput.c <-- Eckserver /home/davinci/deburekr/public_html/DEAN/dwnjpeg/src/jpeg jdinput.c
105.08.12 10:43 B e:\darwin\dwnjpeg\src\jpeg\jdmainct.c <-- Eckserver /home/davinci/deburekr/public_html/DEAN/dwnjpeg/src/jpeg jdmainct.c
105.08.12 10:43 B e:\darwin\dwnjpeg\src\jpeg\jdmarker.c <-- Eckserver /home/davinci/deburekr/public_html/DEAN/dwnjpeg/src/jpeg jdmarker.c
105.08.12 10:43 B e:\darwin\dwnjpeg\src\jpeg\jdmaster.c <-- Eckserver /home/davinci/deburekr/public_html/DEAN/dwnjpeg/src/jpeg jdmaster.c
105.08.12 10:43 B e:\darwin\dwnjpeg\src\jpeg\jdmerge.c <-- Eckserver /home/davinci/deburekr/public_html/DEAN/dwnjpeg/src/jpeg jdmerge.c
105.08.12 10:43 B e:\darwin\dwnjpeg\src\jpeg\jdphuff.c <-- Eckserver /home/davinci/deburekr/public_html/DEAN/dwnjpeg/src/jpeg jdphuff.c
105.08.12 10:43 B e:\darwin\dwnjpeg\src\jpeg\jdpostct.c <-- Eckserver /home/davinci/deburekr/public_html/DEAN/dwnjpeg/src/jpeg jdpostct.c
105.08.12 10:43 B e:\darwin\dwnjpeg\src\jpeg\jdsample.c <-- Eckserver /home/davinci/deburekr/public_html/DEAN/dwnjpeg/src/jpeg jdsample.c
105.08.12 10:43 B e:\darwin\dwnjpeg\src\jpeg\jdtrans.c <-- Eckserver /home/davinci/deburekr/public_html/DEAN/dwnjpeg/src/jpeg jdtrans.c
105.08.12 10:43 B e:\darwin\dwnjpeg\src\jpeg\jerror.c <-- Eckserver /home/davinci/deburekr/public_html/DEAN/dwnjpeg/src/jpeg jerror.c
105.08.12 10:43 B e:\darwin\dwnjpeg\src\jpeg\jerror.h <-- Eckserver /home/davinci/deburekr/public_html/DEAN/dwnjpeg/src/jpeg jerror.h
105.08.12 10:43 B e:\darwin\dwnjpeg\src\jpeg\jfdctflt.c <-- Eckserver /home/davinci/deburekr/public_html/DEAN/dwnjpeg/src/jpeg jfdctflt.c
105.08.12 10:43 B e:\darwin\dwnjpeg\src\jpeg\jfdctfst.c <-- Eckserver /home/davinci/deburekr/public_html/DEAN/dwnjpeg/src/jpeg jfdctfst.c
105.08.12 10:43 B e:\darwin\dwnjpeg\src\jpeg\jfdctint.c <-- Eckserver /home/davinci/deburekr/public_html/DEAN/dwnjpeg/src/jpeg jfdctint.c
105.08.12 10:43 B e:\darwin\dwnjpeg\src\jpeg\jidctflt.c <-- Eckserver /home/davinci/deburekr/public_html/DEAN/dwnjpeg/src/jpeg jidctflt.c
105.08.12 10:43 B e:\darwin\dwnjpeg\src\jpeg\jidctfst.c <-- Eckserver /home/davinci/deburekr/public_html/DEAN/dwnjpeg/src/jpeg jidctfst.c
105.08.12 10:43 B e:\darwin\dwnjpeg\src\jpeg\jidctint.c <-- Eckserver /home/davinci/deburekr/public_html/DEAN/dwnjpeg/src/jpeg jidctint.c
105.08.12 10:43 B e:\darwin\dwnjpeg\src\jpeg\jidctred.c <-- Eckserver /home/davinci/deburekr/public_html/DEAN/dwnjpeg/src/jpeg jidctred.c
105.08.12 10:43 B e:\darwin\dwnjpeg\src\jpeg\jinclude.h <-- Eckserver /home/davinci/deburekr/public_html/DEAN/dwnjpeg/src/jpeg jinclude.h
105.08.12 10:43 B e:\darwin\dwnjpeg\src\jpeg\jmemansi.c <-- Eckserver /home/davinci/deburekr/public_html/DEAN/dwnjpeg/src/jpeg jmemansi.c
105.08.12 10:43 B e:\darwin\dwnjpeg\src\jpeg\jmemdos.c <-- Eckserver /home/davinci/deburekr/public_html/DEAN/dwnjpeg/src/jpeg jmemdos.c
105.08.12 10:43 B e:\darwin\dwnjpeg\src\jpeg\jmemdosa.asm <-- Eckserver /home/davinci/deburekr/public_html/DEAN/dwnjpeg/src/jpeg jmemdosa.asm
105.08.12 10:43 B e:\darwin\dwnjpeg\src\jpeg\jmemmac.c <-- Eckserver /home/davinci/deburekr/public_html/DEAN/dwnjpeg/src/jpeg jmemmac.c
105.08.12 10:43 B e:\darwin\dwnjpeg\src\jpeg\jmemmgr.c <-- Eckserver /home/davinci/deburekr/public_html/DEAN/dwnjpeg/src/jpeg jmemmgr.c
105.08.12 10:43 B e:\darwin\dwnjpeg\src\jpeg\jmemname.c <-- Eckserver /home/davinci/deburekr/public_html/DEAN/dwnjpeg/src/jpeg jmemname.c
105.08.12 10:43 B e:\darwin\dwnjpeg\src\jpeg\jmemnobs.c <-- Eckserver /home/davinci/deburekr/public_html/DEAN/dwnjpeg/src/jpeg jmemnobs.c
105.08.12 10:43 B e:\darwin\dwnjpeg\src\jpeg\jmemsys.h <-- Eckserver /home/davinci/deburekr/public_html/DEAN/dwnjpeg/src/jpeg jmemsys.h
105.08.12 10:43 B e:\darwin\dwnjpeg\src\jpeg\jmorecfg.h <-- Eckserver /home/davinci/deburekr/public_html/DEAN/dwnjpeg/src/jpeg jmorecfg.h
105.08.12 10:43 B e:\darwin\dwnjpeg\src\jpeg\jpegint.h <-- Eckserver /home/davinci/deburekr/public_html/DEAN/dwnjpeg/src/jpeg jpegint.h
105.08.12 10:43 B e:\darwin\dwnjpeg\src\jpeg\jpeglib.h <-- Eckserver /home/davinci/deburekr/public_html/DEAN/dwnjpeg/src/jpeg jpeglib.h
105.08.12 10:43 B e:\darwin\dwnjpeg\src\jpeg\jpegtran <-- Eckserver /home/davinci/deburekr/public_html/DEAN/dwnjpeg/src/jpeg jpegtran
105.08.12 10:43 B e:\darwin\dwnjpeg\src\jpeg\jpegtran.1 <-- Eckserver /home/davinci/deburekr/public_html/DEAN/dwnjpeg/src/jpeg jpegtran.1
105.08.12 10:43 B e:\darwin\dwnjpeg\src\jpeg\jpegtran.c <-- Eckserver /home/davinci/deburekr/public_html/DEAN/dwnjpeg/src/jpeg jpegtran.c
105.08.12 10:43 B e:\darwin\dwnjpeg\src\jpeg\jquant1.c <-- Eckserver /home/davinci/deburekr/public_html/DEAN/dwnjpeg/src/jpeg jquant1.c
105.08.12 10:43 B e:\darwin\dwnjpeg\src\jpeg\jquant2.c <-- Eckserver /home/davinci/deburekr/public_html/DEAN/dwnjpeg/src/jpeg jquant2.c
105.08.12 10:43 B e:\darwin\dwnjpeg\src\jpeg\jutils.c <-- Eckserver /home/davinci/deburekr/public_html/DEAN/dwnjpeg/src/jpeg jutils.c
105.08.12 10:43 B e:\darwin\dwnjpeg\src\jpeg\jversion.h <-- Eckserver /home/davinci/deburekr/public_html/DEAN/dwnjpeg/src/jpeg jversion.h
105.08.12 10:43 B e:\darwin\dwnjpeg\src\jpeg\libjpeg.a <-- Eckserver /home/davinci/deburekr/public_html/DEAN/dwnjpeg/src/jpeg libjpeg.a
105.08.12 10:43 B e:\darwin\dwnjpeg\src\jpeg\libjpeg.doc <-- Eckserver /home/davinci/deburekr/public_html/DEAN/dwnjpeg/src/jpeg libjpeg.doc
105.08.12 10:43 B e:\darwin\dwnjpeg\src\jpeg\libjpeg.lib <-- Eckserver /home/davinci/deburekr/public_html/DEAN/dwnjpeg/src/jpeg libjpeg.lib
105.08.12 10:43 B e:\darwin\dwnjpeg\src\jpeg\ltconfig <-- Eckserver /home/davinci/deburekr/public_html/DEAN/dwnjpeg/src/jpeg ltconfig
105.08.12 10:43 B e:\darwin\dwnjpeg\src\jpeg\ltmain.sh <-- Eckserver /home/davinci/deburekr/public_html/DEAN/dwnjpeg/src/jpeg ltmain.sh
105.08.12 10:43 B e:\darwin\dwnjpeg\src\jpeg\Makefile <-- Eckserver /home/davinci/deburekr/public_html/DEAN/dwnjpeg/src/jpeg Makefile
105.08.12 10:43 B e:\darwin\dwnjpeg\src\jpeg\makefile.ansi <-- Eckserver /home/davinci/deburekr/public_html/DEAN/dwnjpeg/src/jpeg makefile.ansi
105.08.12 10:43 B e:\darwin\dwnjpeg\src\jpeg\Makefile.linux <-- Eckserver /home/davinci/deburekr/public_html/DEAN/dwnjpeg/src/jpeg Makefile.linux
105.08.12 10:43 B e:\darwin\dwnjpeg\src\jpeg\notes <-- Eckserver /home/davinci/deburekr/public_html/DEAN/dwnjpeg/src/jpeg notes
105.08.12 10:43 B e:\darwin\dwnjpeg\src\jpeg\notes-jpegbuild.txt <-- Eckserver /home/davinci/deburekr/public_html/DEAN/dwnjpeg/src/jpeg notes-jpegbuild.txt
105.08.12 10:43 B e:\darwin\dwnjpeg\src\jpeg\printstats.c <-- Eckserver /home/davinci/deburekr/public_html/DEAN/dwnjpeg/src/jpeg printstats.c
105.08.12 10:43 B e:\darwin\dwnjpeg\src\jpeg\rdbmp.c <-- Eckserver /home/davinci/deburekr/public_html/DEAN/dwnjpeg/src/jpeg rdbmp.c
105.08.12 10:43 B e:\darwin\dwnjpeg\src\jpeg\rdcolmap.c <-- Eckserver /home/davinci/deburekr/public_html/DEAN/dwnjpeg/src/jpeg rdcolmap.c
105.08.12 10:43 B e:\darwin\dwnjpeg\src\jpeg\rdgif.c <-- Eckserver /home/davinci/deburekr/public_html/DEAN/dwnjpeg/src/jpeg rdgif.c
105.08.12 10:43 B e:\darwin\dwnjpeg\src\jpeg\rdjpgcom <-- Eckserver /home/davinci/deburekr/public_html/DEAN/dwnjpeg/src/jpeg rdjpgcom
105.08.12 10:43 B e:\darwin\dwnjpeg\src\jpeg\rdjpgcom.1 <-- Eckserver /home/davinci/deburekr/public_html/DEAN/dwnjpeg/src/jpeg rdjpgcom.1
105.08.12 10:43 B e:\darwin\dwnjpeg\src\jpeg\rdjpgcom.c <-- Eckserver /home/davinci/deburekr/public_html/DEAN/dwnjpeg/src/jpeg rdjpgcom.c
105.08.12 10:43 B e:\darwin\dwnjpeg\src\jpeg\rdppm.c <-- Eckserver /home/davinci/deburekr/public_html/DEAN/dwnjpeg/src/jpeg rdppm.c
105.08.12 10:43 B e:\darwin\dwnjpeg\src\jpeg\rdrle.c <-- Eckserver /home/davinci/deburekr/public_html/DEAN/dwnjpeg/src/jpeg rdrle.c
105.08.12 10:43 B e:\darwin\dwnjpeg\src\jpeg\rdswitch.c <-- Eckserver /home/davinci/deburekr/public_html/DEAN/dwnjpeg/src/jpeg rdswitch.c
105.08.12 10:43 B e:\darwin\dwnjpeg\src\jpeg\rdtarga.c <-- Eckserver /home/davinci/deburekr/public_html/DEAN/dwnjpeg/src/jpeg rdtarga.c
105.08.12 10:43 B e:\darwin\dwnjpeg\src\jpeg\README <-- Eckserver /home/davinci/deburekr/public_html/DEAN/dwnjpeg/src/jpeg README
105.08.12 10:43 B e:\darwin\dwnjpeg\src\jpeg\structure.doc <-- Eckserver /home/davinci/deburekr/public_html/DEAN/dwnjpeg/src/jpeg structure.doc
105.08.12 10:43 B e:\darwin\dwnjpeg\src\jpeg\transupp.c <-- Eckserver /home/davinci/deburekr/public_html/DEAN/dwnjpeg/src/jpeg transupp.c
105.08.12 10:43 B e:\darwin\dwnjpeg\src\jpeg\transupp.h <-- Eckserver /home/davinci/deburekr/public_html/DEAN/dwnjpeg/src/jpeg transupp.h
105.08.12 10:43 B e:\darwin\dwnjpeg\src\jpeg\usage.doc <-- Eckserver /home/davinci/deburekr/public_html/DEAN/dwnjpeg/src/jpeg usage.doc
105.08.12 10:43 B e:\darwin\dwnjpeg\src\jpeg\wizard.doc <-- Eckserver /home/davinci/deburekr/public_html/DEAN/dwnjpeg/src/jpeg wizard.doc
105.08.12 10:43 B e:\darwin\dwnjpeg\src\jpeg\wrbmp.c <-- Eckserver /home/davinci/deburekr/public_html/DEAN/dwnjpeg/src/jpeg wrbmp.c
105.08.12 10:43 B e:\darwin\dwnjpeg\src\jpeg\wrgif.c <-- Eckserver /home/davinci/deburekr/public_html/DEAN/dwnjpeg/src/jpeg wrgif.c
105.08.12 10:43 B e:\darwin\dwnjpeg\src\jpeg\wrjpgcom <-- Eckserver /home/davinci/deburekr/public_html/DEAN/dwnjpeg/src/jpeg wrjpgcom
105.08.12 10:43 B e:\darwin\dwnjpeg\src\jpeg\wrjpgcom.1 <-- Eckserver /home/davinci/deburekr/public_html/DEAN/dwnjpeg/src/jpeg wrjpgcom.1
105.08.12 10:43 B e:\darwin\dwnjpeg\src\jpeg\wrjpgcom.c <-- Eckserver /home/davinci/deburekr/public_html/DEAN/dwnjpeg/src/jpeg wrjpgcom.c
105.08.12 10:43 B e:\darwin\dwnjpeg\src\jpeg\wrppm.c <-- Eckserver /home/davinci/deburekr/public_html/DEAN/dwnjpeg/src/jpeg wrppm.c
105.08.12 10:43 B e:\darwin\dwnjpeg\src\jpeg\wrrle.c <-- Eckserver /home/davinci/deburekr/public_html/DEAN/dwnjpeg/src/jpeg wrrle.c
105.08.12 10:43 B e:\darwin\dwnjpeg\src\jpeg\wrtarga.c <-- Eckserver /home/davinci/deburekr/public_html/DEAN/dwnjpeg/src/jpeg wrtarga.c
